

================================================================
== Vivado HLS Report for 'kernel'
================================================================
* Date:           Tue Jul 28 13:44:49 2020

* Version:        2019.1 (Build 2552052 on Fri May 24 15:28:33 MDT 2019)
* Project:        benchmark.prj
* Solution:       solution1
* Product family: zynq
* Target device:  xc7z020-clg484-1


================================================================
== Performance Estimates
================================================================
+ Timing (ns): 
    * Summary: 
    +--------+-------+----------+------------+
    |  Clock | Target| Estimated| Uncertainty|
    +--------+-------+----------+------------+
    |ap_clk  |   7.00|     6.125|        0.88|
    +--------+-------+----------+------------+

+ Latency (clock cycles): 
    * Summary: 
    +------+-------+------+-------+---------+
    |    Latency   |   Interval   | Pipeline|
    |  min |  max  |  min |  max  |   Type  |
    +------+-------+------+-------+---------+
    |  2725|  29185|  2725|  29185|   none  |
    +------+-------+------+-------+---------+

    + Detail: 
        * Instance: 
        N/A

        * Loop: 
        +-----------------+------+-------+------------+-----------+-----------+--------+----------+
        |                 |    Latency   |  Iteration |  Initiation Interval  |  Trip  |          |
        |    Loop Name    |  min |  max  |   Latency  |  achieved |   target  |  Count | Pipelined|
        +-----------------+------+-------+------------+-----------+-----------+--------+----------+
        |- Loop 1         |  2724|  29184| 227 ~ 2432 |          -|          -|      12|    no    |
        | + Loop 1.1      |    14|    168|          14|          -|          -| 1 ~ 12 |    no    |
        | + Loop 1.2      |   208|   2256|  26 ~ 282  |          -|          -|       8|    no    |
        |  ++ Loop 1.2.1  |    23|    276|          23|          -|          -| 1 ~ 12 |    no    |
        +-----------------+------+-------+------------+-----------+-----------+--------+----------+



================================================================
== Utilization Estimates
================================================================
* Summary: 
+-----------------+---------+-------+--------+-------+-----+
|       Name      | BRAM_18K| DSP48E|   FF   |  LUT  | URAM|
+-----------------+---------+-------+--------+-------+-----+
|DSP              |        -|      -|       -|      -|    -|
|Expression       |        -|      -|       0|    536|    -|
|FIFO             |        -|      -|       -|      -|    -|
|Instance         |        2|     12|    1402|   1136|    -|
|Memory           |        -|      -|       -|      -|    -|
|Multiplexer      |        -|      -|       -|    396|    -|
|Register         |        -|      -|     963|      -|    -|
+-----------------+---------+-------+--------+-------+-----+
|Total            |        2|     12|    2365|   2068|    0|
+-----------------+---------+-------+--------+-------+-----+
|Available        |      280|    220|  106400|  53200|    0|
+-----------------+---------+-------+--------+-------+-----+
|Utilization (%)  |    ~0   |      5|       2|      3|    0|
+-----------------+---------+-------+--------+-------+-----+

+ Detail: 
    * Instance: 
    +------------------------------+---------------------------+---------+-------+-----+-----+-----+
    |           Instance           |           Module          | BRAM_18K| DSP48E|  FF | LUT | URAM|
    +------------------------------+---------------------------+---------+-------+-----+-----+-----+
    |kernel_control_s_axi_U        |kernel_control_s_axi       |        0|      0|  226|  360|    0|
    |kernel_gmem_m_axi_U           |kernel_gmem_m_axi          |        2|      0|  512|  580|    0|
    |kernel_mul_32s_32s_32_3_1_U1  |kernel_mul_32s_32s_32_3_1  |        0|      3|  166|   49|    0|
    |kernel_mul_32s_32s_32_3_1_U2  |kernel_mul_32s_32s_32_3_1  |        0|      3|  166|   49|    0|
    |kernel_mul_32s_32s_32_3_1_U3  |kernel_mul_32s_32s_32_3_1  |        0|      3|  166|   49|    0|
    |kernel_mul_32s_32s_32_3_1_U4  |kernel_mul_32s_32s_32_3_1  |        0|      3|  166|   49|    0|
    +------------------------------+---------------------------+---------+-------+-----+-----+-----+
    |Total                         |                           |        2|     12| 1402| 1136|    0|
    +------------------------------+---------------------------+---------+-------+-----+-----+-----+

    * DSP48E: 
    N/A

    * Memory: 
    N/A

    * FIFO: 
    N/A

    * Expression: 
    +-----------------------+----------+-------+---+----+------------+------------+
    |     Variable Name     | Operation| DSP48E| FF| LUT| Bitwidth P0| Bitwidth P1|
    +-----------------------+----------+-------+---+----+------------+------------+
    |add_ln16_fu_568_p2     |     +    |      0|  0|  13|           4|           1|
    |add_ln209_fu_681_p2    |     +    |      0|  0|  39|          32|          32|
    |add_ln215_1_fu_538_p2  |     +    |      0|  0|  38|          31|          31|
    |add_ln215_2_fu_630_p2  |     +    |      0|  0|  38|          31|          31|
    |add_ln215_fu_529_p2    |     +    |      0|  0|  15|           8|           8|
    |add_ln22_1_fu_488_p2   |     +    |      0|  0|  39|          32|          32|
    |add_ln22_2_fu_428_p2   |     +    |      0|  0|  39|          32|          32|
    |add_ln22_fu_479_p2     |     +    |      0|  0|  14|          10|          10|
    |add_ln34_1_fu_599_p2   |     +    |      0|  0|  39|          32|          32|
    |add_ln34_fu_590_p2     |     +    |      0|  0|  14|          10|          10|
    |add_ln35_fu_553_p2     |     +    |      0|  0|  38|          31|          31|
    |add_ln36_1_fu_625_p2   |     +    |      0|  0|  38|          31|          31|
    |add_ln36_fu_616_p2     |     +    |      0|  0|  15|           8|           8|
    |i_fu_388_p2            |     +    |      0|  0|  13|           4|           1|
    |j2_V_fu_580_p2         |     +    |      0|  0|  13|           4|           1|
    |j_V_fu_469_p2          |     +    |      0|  0|  13|           4|           1|
    |k_fu_519_p2            |     +    |      0|  0|  13|           4|           1|
    |tmp_fu_673_p2          |     +    |      0|  0|  39|          32|          32|
    |sub_ln22_fu_418_p2     |     -    |      0|  0|  15|           9|           9|
    |ap_block_state21       |    and   |      0|  0|   2|           1|           1|
    |ap_block_state22_io    |    and   |      0|  0|   2|           1|           1|
    |icmp_ln16_fu_382_p2    |   icmp   |      0|  0|   9|           4|           4|
    |icmp_ln20_fu_463_p2    |   icmp   |      0|  0|   9|           4|           4|
    |icmp_ln28_fu_513_p2    |   icmp   |      0|  0|  11|           4|           5|
    |icmp_ln321_fu_493_p2   |   icmp   |      0|  0|   9|           4|           1|
    |icmp_ln32_fu_574_p2    |   icmp   |      0|  0|   9|           4|           4|
    +-----------------------+----------+-------+---+----+------------+------------+
    |Total                  |          |      0|  0| 536|         371|         354|
    +-----------------------+----------+-------+---+----+------------+------------+

    * Multiplexer: 
    +---------------------+-----+-----------+-----+-----------+
    |         Name        | LUT | Input Size| Bits| Total Bits|
    +---------------------+-----+-----------+-----+-----------+
    |ap_NS_fsm            |  217|         50|    1|         50|
    |gmem_ARADDR          |   44|          9|   32|        288|
    |gmem_AWADDR          |   15|          3|   32|         96|
    |gmem_AWLEN           |   15|          3|   32|         96|
    |gmem_WDATA           |   15|          3|   32|         96|
    |gmem_blk_n_AR        |    9|          2|    1|          2|
    |gmem_blk_n_AW        |    9|          2|    1|          2|
    |gmem_blk_n_B         |    9|          2|    1|          2|
    |gmem_blk_n_R         |    9|          2|    1|          2|
    |gmem_blk_n_W         |    9|          2|    1|          2|
    |indvars_iv1_reg_243  |    9|          2|    4|          8|
    |k_0_reg_278          |    9|          2|    4|          8|
    |op2_assign_reg_255   |    9|          2|    4|          8|
    |p_0218_0_reg_267     |    9|          2|    4|          8|
    |p_0222_0_reg_289     |    9|          2|    4|          8|
    +---------------------+-----+-----------+-----+-----------+
    |Total                |  396|         88|  154|        676|
    +---------------------+-----+-----------+-----+-----------+

    * Register: 
    +--------------------------+----+----+-----+-----------+
    |           Name           | FF | LUT| Bits| Const Bits|
    +--------------------------+----+----+-----+-----------+
    |A_j2_k_V_reg_876          |  32|   0|   32|          0|
    |B_i_k_V_reg_871           |  32|   0|   32|          0|
    |C_i_j2_V_reg_866          |  32|   0|   32|          0|
    |C_i_j_V_reg_780           |  32|   0|   32|          0|
    |add_ln209_reg_916         |  32|   0|   32|          0|
    |add_ln215_2_reg_843       |  31|   0|   31|          0|
    |add_ln22_1_reg_765        |  32|   0|   32|          0|
    |add_ln22_2_reg_729        |  32|   0|   32|          0|
    |add_ln34_1_reg_833        |  32|   0|   32|          0|
    |add_ln36_1_reg_838        |  31|   0|   31|          0|
    |ap_CS_fsm                 |  49|   0|   49|          0|
    |gmem_addr_1_read_reg_881  |  32|   0|   32|          0|
    |gmem_addr_1_reg_710       |  30|   0|   32|          2|
    |gmem_addr_3_read_reg_896  |  32|   0|   32|          0|
    |gmem_addr_3_reg_808       |  31|   0|   32|          1|
    |gmem_addr_4_reg_814       |  31|   0|   32|          1|
    |gmem_addr_7_read_reg_886  |  32|   0|   32|          0|
    |gmem_addr_8_reg_750       |  32|   0|   32|          0|
    |gmem_addr_read_reg_785    |  32|   0|   32|          0|
    |gmem_addr_reg_704         |  30|   0|   32|          2|
    |i_reg_719                 |   4|   0|    4|          0|
    |icmp_ln321_reg_770        |   1|   0|    1|          0|
    |indvars_iv1_i32_reg_745   |   4|   0|   32|         28|
    |indvars_iv1_reg_243       |   4|   0|    4|          0|
    |j2_V_reg_828              |   4|   0|    4|          0|
    |j_V_reg_760               |   4|   0|    4|          0|
    |k_0_reg_278               |   4|   0|    4|          0|
    |k_reg_798                 |   4|   0|    4|          0|
    |mul_ln209_1_reg_891       |  32|   0|   32|          0|
    |mul_ln209_2_reg_901       |  32|   0|   32|          0|
    |mul_ln209_reg_790         |  32|   0|   32|          0|
    |op2_assign_reg_255        |   4|   0|    4|          0|
    |p_0218_0_reg_267          |   4|   0|    4|          0|
    |p_0222_0_reg_289          |   4|   0|    4|          0|
    |p_cast15_reg_691          |  30|   0|   31|          1|
    |p_cast16_reg_685          |  30|   0|   31|          1|
    |p_cast_reg_697            |  30|   0|   32|          2|
    |sext_ln22_reg_734         |   8|   0|   10|          2|
    |sub_ln22_reg_724          |   7|   0|    9|          2|
    |tmp457_reg_911            |  32|   0|   32|          0|
    |tmp_reg_906               |  32|   0|   32|          0|
    |zext_ln20_reg_740         |   4|   0|    8|          4|
    |zext_ln215_reg_803        |   4|   0|    8|          4|
    +--------------------------+----+----+-----+-----------+
    |Total                     | 963|   0| 1013|         50|
    +--------------------------+----+----+-----+-----------+



================================================================
== Interface
================================================================
* Summary: 
+-----------------------+-----+-----+------------+--------------+--------------+
|       RTL Ports       | Dir | Bits|  Protocol  | Source Object|    C Type    |
+-----------------------+-----+-----+------------+--------------+--------------+
|s_axi_control_AWVALID  |  in |    1|    s_axi   |    control   |    scalar    |
|s_axi_control_AWREADY  | out |    1|    s_axi   |    control   |    scalar    |
|s_axi_control_AWADDR   |  in |    6|    s_axi   |    control   |    scalar    |
|s_axi_control_WVALID   |  in |    1|    s_axi   |    control   |    scalar    |
|s_axi_control_WREADY   | out |    1|    s_axi   |    control   |    scalar    |
|s_axi_control_WDATA    |  in |   32|    s_axi   |    control   |    scalar    |
|s_axi_control_WSTRB    |  in |    4|    s_axi   |    control   |    scalar    |
|s_axi_control_ARVALID  |  in |    1|    s_axi   |    control   |    scalar    |
|s_axi_control_ARREADY  | out |    1|    s_axi   |    control   |    scalar    |
|s_axi_control_ARADDR   |  in |    6|    s_axi   |    control   |    scalar    |
|s_axi_control_RVALID   | out |    1|    s_axi   |    control   |    scalar    |
|s_axi_control_RREADY   |  in |    1|    s_axi   |    control   |    scalar    |
|s_axi_control_RDATA    | out |   32|    s_axi   |    control   |    scalar    |
|s_axi_control_RRESP    | out |    2|    s_axi   |    control   |    scalar    |
|s_axi_control_BVALID   | out |    1|    s_axi   |    control   |    scalar    |
|s_axi_control_BREADY   |  in |    1|    s_axi   |    control   |    scalar    |
|s_axi_control_BRESP    | out |    2|    s_axi   |    control   |    scalar    |
|ap_clk                 |  in |    1| ap_ctrl_hs |    kernel    | return value |
|ap_rst_n               |  in |    1| ap_ctrl_hs |    kernel    | return value |
|interrupt              | out |    1| ap_ctrl_hs |    kernel    | return value |
|m_axi_gmem_AWVALID     | out |    1|    m_axi   |     gmem     |    pointer   |
|m_axi_gmem_AWREADY     |  in |    1|    m_axi   |     gmem     |    pointer   |
|m_axi_gmem_AWADDR      | out |   32|    m_axi   |     gmem     |    pointer   |
|m_axi_gmem_AWID        | out |    1|    m_axi   |     gmem     |    pointer   |
|m_axi_gmem_AWLEN       | out |    8|    m_axi   |     gmem     |    pointer   |
|m_axi_gmem_AWSIZE      | out |    3|    m_axi   |     gmem     |    pointer   |
|m_axi_gmem_AWBURST     | out |    2|    m_axi   |     gmem     |    pointer   |
|m_axi_gmem_AWLOCK      | out |    2|    m_axi   |     gmem     |    pointer   |
|m_axi_gmem_AWCACHE     | out |    4|    m_axi   |     gmem     |    pointer   |
|m_axi_gmem_AWPROT      | out |    3|    m_axi   |     gmem     |    pointer   |
|m_axi_gmem_AWQOS       | out |    4|    m_axi   |     gmem     |    pointer   |
|m_axi_gmem_AWREGION    | out |    4|    m_axi   |     gmem     |    pointer   |
|m_axi_gmem_AWUSER      | out |    1|    m_axi   |     gmem     |    pointer   |
|m_axi_gmem_WVALID      | out |    1|    m_axi   |     gmem     |    pointer   |
|m_axi_gmem_WREADY      |  in |    1|    m_axi   |     gmem     |    pointer   |
|m_axi_gmem_WDATA       | out |   32|    m_axi   |     gmem     |    pointer   |
|m_axi_gmem_WSTRB       | out |    4|    m_axi   |     gmem     |    pointer   |
|m_axi_gmem_WLAST       | out |    1|    m_axi   |     gmem     |    pointer   |
|m_axi_gmem_WID         | out |    1|    m_axi   |     gmem     |    pointer   |
|m_axi_gmem_WUSER       | out |    1|    m_axi   |     gmem     |    pointer   |
|m_axi_gmem_ARVALID     | out |    1|    m_axi   |     gmem     |    pointer   |
|m_axi_gmem_ARREADY     |  in |    1|    m_axi   |     gmem     |    pointer   |
|m_axi_gmem_ARADDR      | out |   32|    m_axi   |     gmem     |    pointer   |
|m_axi_gmem_ARID        | out |    1|    m_axi   |     gmem     |    pointer   |
|m_axi_gmem_ARLEN       | out |    8|    m_axi   |     gmem     |    pointer   |
|m_axi_gmem_ARSIZE      | out |    3|    m_axi   |     gmem     |    pointer   |
|m_axi_gmem_ARBURST     | out |    2|    m_axi   |     gmem     |    pointer   |
|m_axi_gmem_ARLOCK      | out |    2|    m_axi   |     gmem     |    pointer   |
|m_axi_gmem_ARCACHE     | out |    4|    m_axi   |     gmem     |    pointer   |
|m_axi_gmem_ARPROT      | out |    3|    m_axi   |     gmem     |    pointer   |
|m_axi_gmem_ARQOS       | out |    4|    m_axi   |     gmem     |    pointer   |
|m_axi_gmem_ARREGION    | out |    4|    m_axi   |     gmem     |    pointer   |
|m_axi_gmem_ARUSER      | out |    1|    m_axi   |     gmem     |    pointer   |
|m_axi_gmem_RVALID      |  in |    1|    m_axi   |     gmem     |    pointer   |
|m_axi_gmem_RREADY      | out |    1|    m_axi   |     gmem     |    pointer   |
|m_axi_gmem_RDATA       |  in |   32|    m_axi   |     gmem     |    pointer   |
|m_axi_gmem_RLAST       |  in |    1|    m_axi   |     gmem     |    pointer   |
|m_axi_gmem_RID         |  in |    1|    m_axi   |     gmem     |    pointer   |
|m_axi_gmem_RUSER       |  in |    1|    m_axi   |     gmem     |    pointer   |
|m_axi_gmem_RRESP       |  in |    2|    m_axi   |     gmem     |    pointer   |
|m_axi_gmem_BVALID      |  in |    1|    m_axi   |     gmem     |    pointer   |
|m_axi_gmem_BREADY      | out |    1|    m_axi   |     gmem     |    pointer   |
|m_axi_gmem_BRESP       |  in |    2|    m_axi   |     gmem     |    pointer   |
|m_axi_gmem_BID         |  in |    1|    m_axi   |     gmem     |    pointer   |
|m_axi_gmem_BUSER       |  in |    1|    m_axi   |     gmem     |    pointer   |
+-----------------------+-----+-----+------------+--------------+--------------+

