

================================================================
== Vivado HLS Report for 'kernel'
================================================================
* Date:           Tue Jul 28 13:49:47 2020

* Version:        2019.1 (Build 2552052 on Fri May 24 15:28:33 MDT 2019)
* Project:        benchmark.prj
* Solution:       solution1
* Product family: zynq
* Target device:  xc7z020-clg484-1


================================================================
== Performance Estimates
================================================================
+ Timing (ns): 
    * Summary: 
    +--------+-------+----------+------------+
    |  Clock | Target| Estimated| Uncertainty|
    +--------+-------+----------+------------+
    |ap_clk  |   7.00|     6.125|        0.88|
    +--------+-------+----------+------------+

+ Latency (clock cycles): 
    * Summary: 
    +------+-------+------+-------+---------+
    |    Latency   |   Interval   | Pipeline|
    |  min |  max  |  min |  max  |   Type  |
    +------+-------+------+-------+---------+
    |  2673|  16897|  2673|  16897|   none  |
    +------+-------+------+-------+---------+

    + Detail: 
        * Instance: 
        N/A

        * Loop: 
        +-----------------+------+-------+------------+-----------+-----------+-------+----------+
        |                 |    Latency   |  Iteration |  Initiation Interval  |  Trip |          |
        |    Loop Name    |  min |  max  |   Latency  |  achieved |   target  | Count | Pipelined|
        +-----------------+------+-------+------------+-----------+-----------+-------+----------+
        |- Loop 1         |  2672|  16896| 334 ~ 2112 |          -|          -|      8|    no    |
        | + Loop 1.1      |    14|    112|          14|          -|          -| 1 ~ 8 |    no    |
        | + Loop 1.2      |   312|   1992|  26 ~ 166  |          -|          -|     12|    no    |
        |  ++ Loop 1.2.1  |    20|    160|          20|          -|          -| 1 ~ 8 |    no    |
        +-----------------+------+-------+------------+-----------+-----------+-------+----------+



================================================================
== Utilization Estimates
================================================================
* Summary: 
+-----------------+---------+-------+--------+-------+-----+
|       Name      | BRAM_18K| DSP48E|   FF   |  LUT  | URAM|
+-----------------+---------+-------+--------+-------+-----+
|DSP              |        -|      -|       -|      -|    -|
|Expression       |        -|      -|       0|    424|    -|
|FIFO             |        -|      -|       -|      -|    -|
|Instance         |        2|      9|    1198|   1023|    -|
|Memory           |        -|      -|       -|      -|    -|
|Multiplexer      |        -|      -|       -|    378|    -|
|Register         |        -|      -|     744|      -|    -|
+-----------------+---------+-------+--------+-------+-----+
|Total            |        2|      9|    1942|   1825|    0|
+-----------------+---------+-------+--------+-------+-----+
|Available        |      280|    220|  106400|  53200|    0|
+-----------------+---------+-------+--------+-------+-----+
|Utilization (%)  |    ~0   |      4|       1|      3|    0|
+-----------------+---------+-------+--------+-------+-----+

+ Detail: 
    * Instance: 
    +------------------------------+---------------------------+---------+-------+-----+-----+-----+
    |           Instance           |           Module          | BRAM_18K| DSP48E|  FF | LUT | URAM|
    +------------------------------+---------------------------+---------+-------+-----+-----+-----+
    |kernel_control_s_axi_U        |kernel_control_s_axi       |        0|      0|  188|  296|    0|
    |kernel_gmem_m_axi_U           |kernel_gmem_m_axi          |        2|      0|  512|  580|    0|
    |kernel_mul_32s_32s_32_3_1_U1  |kernel_mul_32s_32s_32_3_1  |        0|      3|  166|   49|    0|
    |kernel_mul_32s_32s_32_3_1_U2  |kernel_mul_32s_32s_32_3_1  |        0|      3|  166|   49|    0|
    |kernel_mul_32s_32s_32_3_1_U3  |kernel_mul_32s_32s_32_3_1  |        0|      3|  166|   49|    0|
    +------------------------------+---------------------------+---------+-------+-----+-----+-----+
    |Total                         |                           |        2|      9| 1198| 1023|    0|
    +------------------------------+---------------------------+---------+-------+-----+-----+-----+

    * DSP48E: 
    N/A

    * Memory: 
    N/A

    * FIFO: 
    N/A

    * Expression: 
    +-----------------------+----------+-------+---+----+------------+------------+
    |     Variable Name     | Operation| DSP48E| FF| LUT| Bitwidth P0| Bitwidth P1|
    +-----------------------+----------+-------+---+----+------------+------------+
    |add_ln14_fu_501_p2     |     +    |      0|  0|  13|           4|           1|
    |add_ln209_fu_612_p2    |     +    |      0|  0|  39|          32|          32|
    |add_ln20_1_fu_442_p2   |     +    |      0|  0|  38|          31|          31|
    |add_ln20_2_fu_360_p2   |     +    |      0|  0|  38|          31|          31|
    |add_ln20_fu_433_p2     |     +    |      0|  0|  15|           8|           8|
    |add_ln215_1_fu_589_p2  |     +    |      0|  0|  39|          32|          32|
    |add_ln215_fu_571_p2    |     +    |      0|  0|  14|          10|          10|
    |add_ln32_1_fu_532_p2   |     +    |      0|  0|  38|          31|          31|
    |add_ln32_fu_523_p2     |     +    |      0|  0|  15|           8|           8|
    |add_ln33_1_fu_486_p2   |     +    |      0|  0|  39|          32|          32|
    |add_ln33_fu_477_p2     |     +    |      0|  0|  14|          10|          10|
    |i_fu_342_p2            |     +    |      0|  0|  13|           4|           1|
    |j2_V_fu_513_p2         |     +    |      0|  0|  13|           4|           1|
    |j_V_fu_423_p2          |     +    |      0|  0|  13|           4|           1|
    |k_fu_467_p2            |     +    |      0|  0|  13|           4|           1|
    |sub_ln215_fu_561_p2    |     -    |      0|  0|  15|           9|           9|
    |sub_ln33_fu_392_p2     |     -    |      0|  0|  15|           9|           9|
    |ap_block_state22_io    |    and   |      0|  0|   2|           1|           1|
    |icmp_ln14_fu_336_p2    |   icmp   |      0|  0|  11|           4|           5|
    |icmp_ln18_fu_417_p2    |   icmp   |      0|  0|   9|           4|           4|
    |icmp_ln26_fu_461_p2    |   icmp   |      0|  0|   9|           4|           4|
    |icmp_ln30_fu_507_p2    |   icmp   |      0|  0|   9|           4|           4|
    +-----------------------+----------+-------+---+----+------------+------------+
    |Total                  |          |      0|  0| 424|         280|         266|
    +-----------------------+----------+-------+---+----+------------+------------+

    * Multiplexer: 
    +---------------------+-----+-----------+-----+-----------+
    |         Name        | LUT | Input Size| Bits| Total Bits|
    +---------------------+-----+-----------+-----+-----------+
    |ap_NS_fsm            |  205|         47|    1|         47|
    |gmem_ARADDR          |   38|          7|   32|        224|
    |gmem_AWADDR          |   15|          3|   32|         96|
    |gmem_AWLEN           |   15|          3|   32|         96|
    |gmem_WDATA           |   15|          3|   32|         96|
    |gmem_blk_n_AR        |    9|          2|    1|          2|
    |gmem_blk_n_AW        |    9|          2|    1|          2|
    |gmem_blk_n_B         |    9|          2|    1|          2|
    |gmem_blk_n_R         |    9|          2|    1|          2|
    |gmem_blk_n_W         |    9|          2|    1|          2|
    |indvars_iv1_reg_211  |    9|          2|    4|          8|
    |k_0_reg_246          |    9|          2|    4|          8|
    |op2_assign_reg_223   |    9|          2|    4|          8|
    |p_0209_0_reg_235     |    9|          2|    4|          8|
    |p_0213_0_reg_257     |    9|          2|    4|          8|
    +---------------------+-----+-----------+-----+-----------+
    |Total                |  378|         83|  154|        609|
    +---------------------+-----+-----------+-----+-----------+

    * Register: 
    +--------------------------+----+----+-----+-----------+
    |           Name           | FF | LUT| Bits| Const Bits|
    +--------------------------+----+----+-----+-----------+
    |A_i_k_V_reg_780           |  32|   0|   32|          0|
    |C_i_j_V_1_reg_775         |  32|   0|   32|          0|
    |C_i_j_V_reg_701           |  32|   0|   32|          0|
    |add_ln209_reg_805         |  32|   0|   32|          0|
    |add_ln20_1_reg_690        |  31|   0|   31|          0|
    |add_ln20_2_reg_654        |  31|   0|   31|          0|
    |add_ln215_1_reg_764       |  32|   0|   32|          0|
    |add_ln215_reg_753         |  10|   0|   10|          0|
    |add_ln32_1_reg_748        |  31|   0|   31|          0|
    |ap_CS_fsm                 |  46|   0|   46|          0|
    |gmem_addr_1_read_reg_785  |  32|   0|   32|          0|
    |gmem_addr_1_reg_635       |  30|   0|   32|          2|
    |gmem_addr_3_reg_729       |  32|   0|   32|          0|
    |gmem_addr_5_read_reg_790  |  32|   0|   32|          0|
    |gmem_addr_6_reg_675       |  31|   0|   32|          1|
    |gmem_addr_read_reg_706    |  32|   0|   32|          0|
    |gmem_addr_reg_629         |  30|   0|   32|          2|
    |i_reg_644                 |   4|   0|    4|          0|
    |indvars_iv1_i32_reg_670   |   4|   0|   32|         28|
    |indvars_iv1_reg_211       |   4|   0|    4|          0|
    |j2_V_reg_743              |   4|   0|    4|          0|
    |j_V_reg_685               |   4|   0|    4|          0|
    |k_0_reg_246               |   4|   0|    4|          0|
    |k_reg_719                 |   4|   0|    4|          0|
    |mul_ln209_1_reg_795       |  32|   0|   32|          0|
    |mul_ln209_2_reg_800       |  32|   0|   32|          0|
    |mul_ln209_reg_711         |  32|   0|   32|          0|
    |op2_assign_reg_223        |   4|   0|    4|          0|
    |p_0209_0_reg_235          |   4|   0|    4|          0|
    |p_0213_0_reg_257          |   4|   0|    4|          0|
    |p_cast14_reg_616          |  30|   0|   32|          2|
    |p_cast_reg_622            |  30|   0|   31|          1|
    |sext_ln33_reg_665         |   8|   0|   10|          2|
    |tmp_2_reg_649             |   4|   0|    7|          3|
    |zext_ln33_3_reg_724       |   4|   0|   10|          6|
    |zext_ln33_reg_659         |   4|   0|    8|          4|
    +--------------------------+----+----+-----+-----------+
    |Total                     | 744|   0|  795|         51|
    +--------------------------+----+----+-----+-----------+



================================================================
== Interface
================================================================
* Summary: 
+-----------------------+-----+-----+------------+--------------+--------------+
|       RTL Ports       | Dir | Bits|  Protocol  | Source Object|    C Type    |
+-----------------------+-----+-----+------------+--------------+--------------+
|s_axi_control_AWVALID  |  in |    1|    s_axi   |    control   |    scalar    |
|s_axi_control_AWREADY  | out |    1|    s_axi   |    control   |    scalar    |
|s_axi_control_AWADDR   |  in |    6|    s_axi   |    control   |    scalar    |
|s_axi_control_WVALID   |  in |    1|    s_axi   |    control   |    scalar    |
|s_axi_control_WREADY   | out |    1|    s_axi   |    control   |    scalar    |
|s_axi_control_WDATA    |  in |   32|    s_axi   |    control   |    scalar    |
|s_axi_control_WSTRB    |  in |    4|    s_axi   |    control   |    scalar    |
|s_axi_control_ARVALID  |  in |    1|    s_axi   |    control   |    scalar    |
|s_axi_control_ARREADY  | out |    1|    s_axi   |    control   |    scalar    |
|s_axi_control_ARADDR   |  in |    6|    s_axi   |    control   |    scalar    |
|s_axi_control_RVALID   | out |    1|    s_axi   |    control   |    scalar    |
|s_axi_control_RREADY   |  in |    1|    s_axi   |    control   |    scalar    |
|s_axi_control_RDATA    | out |   32|    s_axi   |    control   |    scalar    |
|s_axi_control_RRESP    | out |    2|    s_axi   |    control   |    scalar    |
|s_axi_control_BVALID   | out |    1|    s_axi   |    control   |    scalar    |
|s_axi_control_BREADY   |  in |    1|    s_axi   |    control   |    scalar    |
|s_axi_control_BRESP    | out |    2|    s_axi   |    control   |    scalar    |
|ap_clk                 |  in |    1| ap_ctrl_hs |    kernel    | return value |
|ap_rst_n               |  in |    1| ap_ctrl_hs |    kernel    | return value |
|interrupt              | out |    1| ap_ctrl_hs |    kernel    | return value |
|m_axi_gmem_AWVALID     | out |    1|    m_axi   |     gmem     |    pointer   |
|m_axi_gmem_AWREADY     |  in |    1|    m_axi   |     gmem     |    pointer   |
|m_axi_gmem_AWADDR      | out |   32|    m_axi   |     gmem     |    pointer   |
|m_axi_gmem_AWID        | out |    1|    m_axi   |     gmem     |    pointer   |
|m_axi_gmem_AWLEN       | out |    8|    m_axi   |     gmem     |    pointer   |
|m_axi_gmem_AWSIZE      | out |    3|    m_axi   |     gmem     |    pointer   |
|m_axi_gmem_AWBURST     | out |    2|    m_axi   |     gmem     |    pointer   |
|m_axi_gmem_AWLOCK      | out |    2|    m_axi   |     gmem     |    pointer   |
|m_axi_gmem_AWCACHE     | out |    4|    m_axi   |     gmem     |    pointer   |
|m_axi_gmem_AWPROT      | out |    3|    m_axi   |     gmem     |    pointer   |
|m_axi_gmem_AWQOS       | out |    4|    m_axi   |     gmem     |    pointer   |
|m_axi_gmem_AWREGION    | out |    4|    m_axi   |     gmem     |    pointer   |
|m_axi_gmem_AWUSER      | out |    1|    m_axi   |     gmem     |    pointer   |
|m_axi_gmem_WVALID      | out |    1|    m_axi   |     gmem     |    pointer   |
|m_axi_gmem_WREADY      |  in |    1|    m_axi   |     gmem     |    pointer   |
|m_axi_gmem_WDATA       | out |   32|    m_axi   |     gmem     |    pointer   |
|m_axi_gmem_WSTRB       | out |    4|    m_axi   |     gmem     |    pointer   |
|m_axi_gmem_WLAST       | out |    1|    m_axi   |     gmem     |    pointer   |
|m_axi_gmem_WID         | out |    1|    m_axi   |     gmem     |    pointer   |
|m_axi_gmem_WUSER       | out |    1|    m_axi   |     gmem     |    pointer   |
|m_axi_gmem_ARVALID     | out |    1|    m_axi   |     gmem     |    pointer   |
|m_axi_gmem_ARREADY     |  in |    1|    m_axi   |     gmem     |    pointer   |
|m_axi_gmem_ARADDR      | out |   32|    m_axi   |     gmem     |    pointer   |
|m_axi_gmem_ARID        | out |    1|    m_axi   |     gmem     |    pointer   |
|m_axi_gmem_ARLEN       | out |    8|    m_axi   |     gmem     |    pointer   |
|m_axi_gmem_ARSIZE      | out |    3|    m_axi   |     gmem     |    pointer   |
|m_axi_gmem_ARBURST     | out |    2|    m_axi   |     gmem     |    pointer   |
|m_axi_gmem_ARLOCK      | out |    2|    m_axi   |     gmem     |    pointer   |
|m_axi_gmem_ARCACHE     | out |    4|    m_axi   |     gmem     |    pointer   |
|m_axi_gmem_ARPROT      | out |    3|    m_axi   |     gmem     |    pointer   |
|m_axi_gmem_ARQOS       | out |    4|    m_axi   |     gmem     |    pointer   |
|m_axi_gmem_ARREGION    | out |    4|    m_axi   |     gmem     |    pointer   |
|m_axi_gmem_ARUSER      | out |    1|    m_axi   |     gmem     |    pointer   |
|m_axi_gmem_RVALID      |  in |    1|    m_axi   |     gmem     |    pointer   |
|m_axi_gmem_RREADY      | out |    1|    m_axi   |     gmem     |    pointer   |
|m_axi_gmem_RDATA       |  in |   32|    m_axi   |     gmem     |    pointer   |
|m_axi_gmem_RLAST       |  in |    1|    m_axi   |     gmem     |    pointer   |
|m_axi_gmem_RID         |  in |    1|    m_axi   |     gmem     |    pointer   |
|m_axi_gmem_RUSER       |  in |    1|    m_axi   |     gmem     |    pointer   |
|m_axi_gmem_RRESP       |  in |    2|    m_axi   |     gmem     |    pointer   |
|m_axi_gmem_BVALID      |  in |    1|    m_axi   |     gmem     |    pointer   |
|m_axi_gmem_BREADY      | out |    1|    m_axi   |     gmem     |    pointer   |
|m_axi_gmem_BRESP       |  in |    2|    m_axi   |     gmem     |    pointer   |
|m_axi_gmem_BID         |  in |    1|    m_axi   |     gmem     |    pointer   |
|m_axi_gmem_BUSER       |  in |    1|    m_axi   |     gmem     |    pointer   |
+-----------------------+-----+-----+------------+--------------+--------------+

