

================================================================
== Vivado HLS Report for 'kernel'
================================================================
* Date:           Tue Jul 28 14:23:36 2020

* Version:        2019.1 (Build 2552052 on Fri May 24 15:28:33 MDT 2019)
* Project:        benchmark.prj
* Solution:       solution1
* Product family: zynq
* Target device:  xc7z020-clg484-1


================================================================
== Performance Estimates
================================================================
+ Timing (ns): 
    * Summary: 
    +--------+-------+----------+------------+
    |  Clock | Target| Estimated| Uncertainty|
    +--------+-------+----------+------------+
    |ap_clk  |   7.00|     1.769|        0.88|
    +--------+-------+----------+------------+

+ Latency (clock cycles): 
    * Summary: 
    +-----+-----+-----+-----+---------+
    |  Latency  |  Interval | Pipeline|
    | min | max | min | max |   Type  |
    +-----+-----+-----+-----+---------+
    |    9|    9|    9|    9|   none  |
    +-----+-----+-----+-----+---------+

    + Detail: 
        * Instance: 
        N/A

        * Loop: 
        +----------+-----+-----+----------+-----------+-----------+------+----------+
        |          |  Latency  | Iteration|  Initiation Interval  | Trip |          |
        | Loop Name| min | max |  Latency |  achieved |   target  | Count| Pipelined|
        +----------+-----+-----+----------+-----------+-----------+------+----------+
        |- Loop 1  |    8|    8|         1|          -|          -|     9|    no    |
        +----------+-----+-----+----------+-----------+-----------+------+----------+



================================================================
== Utilization Estimates
================================================================
* Summary: 
+-----------------+---------+-------+--------+-------+-----+
|       Name      | BRAM_18K| DSP48E|   FF   |  LUT  | URAM|
+-----------------+---------+-------+--------+-------+-----+
|DSP              |        -|      -|       -|      -|    -|
|Expression       |        -|      -|       0|     24|    -|
|FIFO             |        -|      -|       -|      -|    -|
|Instance         |        0|      -|     112|    168|    -|
|Memory           |        -|      -|       -|      -|    -|
|Multiplexer      |        -|      -|       -|     24|    -|
|Register         |        -|      -|       6|      -|    -|
+-----------------+---------+-------+--------+-------+-----+
|Total            |        0|      0|     118|    216|    0|
+-----------------+---------+-------+--------+-------+-----+
|Available        |      280|    220|  106400|  53200|    0|
+-----------------+---------+-------+--------+-------+-----+
|Utilization (%)  |        0|      0|   ~0   |   ~0  |    0|
+-----------------+---------+-------+--------+-------+-----+

+ Detail: 
    * Instance: 
    +------------------------+----------------------+---------+-------+-----+-----+-----+
    |        Instance        |        Module        | BRAM_18K| DSP48E|  FF | LUT | URAM|
    +------------------------+----------------------+---------+-------+-----+-----+-----+
    |kernel_control_s_axi_U  |kernel_control_s_axi  |        0|      0|  112|  168|    0|
    +------------------------+----------------------+---------+-------+-----+-----+-----+
    |Total                   |                      |        0|      0|  112|  168|    0|
    +------------------------+----------------------+---------+-------+-----+-----+-----+

    * DSP48E: 
    N/A

    * Memory: 
    N/A

    * FIFO: 
    N/A

    * Expression: 
    +--------------------+----------+-------+---+----+------------+------------+
    |    Variable Name   | Operation| DSP48E| FF| LUT| Bitwidth P0| Bitwidth P1|
    +--------------------+----------+-------+---+----+------------+------------+
    |i_fu_57_p2          |     +    |      0|  0|  13|           4|           1|
    |icmp_ln12_fu_51_p2  |   icmp   |      0|  0|  11|           4|           5|
    +--------------------+----------+-------+---+----+------------+------------+
    |Total               |          |      0|  0|  24|           8|           6|
    +--------------------+----------+-------+---+----+------------+------------+

    * Multiplexer: 
    +------------+----+-----------+-----+-----------+
    |    Name    | LUT| Input Size| Bits| Total Bits|
    +------------+----+-----------+-----+-----------+
    |ap_NS_fsm   |  15|          3|    1|          3|
    |i_0_reg_40  |   9|          2|    4|          8|
    +------------+----+-----------+-----+-----------+
    |Total       |  24|          5|    5|         11|
    +------------+----+-----------+-----+-----------+

    * Register: 
    +------------+---+----+-----+-----------+
    |    Name    | FF| LUT| Bits| Const Bits|
    +------------+---+----+-----+-----------+
    |ap_CS_fsm   |  2|   0|    2|          0|
    |i_0_reg_40  |  4|   0|    4|          0|
    +------------+---+----+-----+-----------+
    |Total       |  6|   0|    6|          0|
    +------------+---+----+-----+-----------+



================================================================
== Interface
================================================================
* Summary: 
+-----------------------+-----+-----+------------+--------------+--------------+
|       RTL Ports       | Dir | Bits|  Protocol  | Source Object|    C Type    |
+-----------------------+-----+-----+------------+--------------+--------------+
|s_axi_control_AWVALID  |  in |    1|    s_axi   |    control   |    scalar    |
|s_axi_control_AWREADY  | out |    1|    s_axi   |    control   |    scalar    |
|s_axi_control_AWADDR   |  in |    5|    s_axi   |    control   |    scalar    |
|s_axi_control_WVALID   |  in |    1|    s_axi   |    control   |    scalar    |
|s_axi_control_WREADY   | out |    1|    s_axi   |    control   |    scalar    |
|s_axi_control_WDATA    |  in |   32|    s_axi   |    control   |    scalar    |
|s_axi_control_WSTRB    |  in |    4|    s_axi   |    control   |    scalar    |
|s_axi_control_ARVALID  |  in |    1|    s_axi   |    control   |    scalar    |
|s_axi_control_ARREADY  | out |    1|    s_axi   |    control   |    scalar    |
|s_axi_control_ARADDR   |  in |    5|    s_axi   |    control   |    scalar    |
|s_axi_control_RVALID   | out |    1|    s_axi   |    control   |    scalar    |
|s_axi_control_RREADY   |  in |    1|    s_axi   |    control   |    scalar    |
|s_axi_control_RDATA    | out |   32|    s_axi   |    control   |    scalar    |
|s_axi_control_RRESP    | out |    2|    s_axi   |    control   |    scalar    |
|s_axi_control_BVALID   | out |    1|    s_axi   |    control   |    scalar    |
|s_axi_control_BREADY   |  in |    1|    s_axi   |    control   |    scalar    |
|s_axi_control_BRESP    | out |    2|    s_axi   |    control   |    scalar    |
|ap_clk                 |  in |    1| ap_ctrl_hs |    kernel    | return value |
|ap_rst_n               |  in |    1| ap_ctrl_hs |    kernel    | return value |
|interrupt              | out |    1| ap_ctrl_hs |    kernel    | return value |
|m_axi_gmem_AWVALID     | out |    1|    m_axi   |     gmem     |    pointer   |
|m_axi_gmem_AWREADY     |  in |    1|    m_axi   |     gmem     |    pointer   |
|m_axi_gmem_AWADDR      | out |   32|    m_axi   |     gmem     |    pointer   |
|m_axi_gmem_AWID        | out |    1|    m_axi   |     gmem     |    pointer   |
|m_axi_gmem_AWLEN       | out |    8|    m_axi   |     gmem     |    pointer   |
|m_axi_gmem_AWSIZE      | out |    3|    m_axi   |     gmem     |    pointer   |
|m_axi_gmem_AWBURST     | out |    2|    m_axi   |     gmem     |    pointer   |
|m_axi_gmem_AWLOCK      | out |    2|    m_axi   |     gmem     |    pointer   |
|m_axi_gmem_AWCACHE     | out |    4|    m_axi   |     gmem     |    pointer   |
|m_axi_gmem_AWPROT      | out |    3|    m_axi   |     gmem     |    pointer   |
|m_axi_gmem_AWQOS       | out |    4|    m_axi   |     gmem     |    pointer   |
|m_axi_gmem_AWREGION    | out |    4|    m_axi   |     gmem     |    pointer   |
|m_axi_gmem_AWUSER      | out |    1|    m_axi   |     gmem     |    pointer   |
|m_axi_gmem_WVALID      | out |    1|    m_axi   |     gmem     |    pointer   |
|m_axi_gmem_WREADY      |  in |    1|    m_axi   |     gmem     |    pointer   |
|m_axi_gmem_WDATA       | out |   32|    m_axi   |     gmem     |    pointer   |
|m_axi_gmem_WSTRB       | out |    4|    m_axi   |     gmem     |    pointer   |
|m_axi_gmem_WLAST       | out |    1|    m_axi   |     gmem     |    pointer   |
|m_axi_gmem_WID         | out |    1|    m_axi   |     gmem     |    pointer   |
|m_axi_gmem_WUSER       | out |    1|    m_axi   |     gmem     |    pointer   |
|m_axi_gmem_ARVALID     | out |    1|    m_axi   |     gmem     |    pointer   |
|m_axi_gmem_ARREADY     |  in |    1|    m_axi   |     gmem     |    pointer   |
|m_axi_gmem_ARADDR      | out |   32|    m_axi   |     gmem     |    pointer   |
|m_axi_gmem_ARID        | out |    1|    m_axi   |     gmem     |    pointer   |
|m_axi_gmem_ARLEN       | out |    8|    m_axi   |     gmem     |    pointer   |
|m_axi_gmem_ARSIZE      | out |    3|    m_axi   |     gmem     |    pointer   |
|m_axi_gmem_ARBURST     | out |    2|    m_axi   |     gmem     |    pointer   |
|m_axi_gmem_ARLOCK      | out |    2|    m_axi   |     gmem     |    pointer   |
|m_axi_gmem_ARCACHE     | out |    4|    m_axi   |     gmem     |    pointer   |
|m_axi_gmem_ARPROT      | out |    3|    m_axi   |     gmem     |    pointer   |
|m_axi_gmem_ARQOS       | out |    4|    m_axi   |     gmem     |    pointer   |
|m_axi_gmem_ARREGION    | out |    4|    m_axi   |     gmem     |    pointer   |
|m_axi_gmem_ARUSER      | out |    1|    m_axi   |     gmem     |    pointer   |
|m_axi_gmem_RVALID      |  in |    1|    m_axi   |     gmem     |    pointer   |
|m_axi_gmem_RREADY      | out |    1|    m_axi   |     gmem     |    pointer   |
|m_axi_gmem_RDATA       |  in |   32|    m_axi   |     gmem     |    pointer   |
|m_axi_gmem_RLAST       |  in |    1|    m_axi   |     gmem     |    pointer   |
|m_axi_gmem_RID         |  in |    1|    m_axi   |     gmem     |    pointer   |
|m_axi_gmem_RUSER       |  in |    1|    m_axi   |     gmem     |    pointer   |
|m_axi_gmem_RRESP       |  in |    2|    m_axi   |     gmem     |    pointer   |
|m_axi_gmem_BVALID      |  in |    1|    m_axi   |     gmem     |    pointer   |
|m_axi_gmem_BREADY      | out |    1|    m_axi   |     gmem     |    pointer   |
|m_axi_gmem_BRESP       |  in |    2|    m_axi   |     gmem     |    pointer   |
|m_axi_gmem_BID         |  in |    1|    m_axi   |     gmem     |    pointer   |
|m_axi_gmem_BUSER       |  in |    1|    m_axi   |     gmem     |    pointer   |
+-----------------------+-----+-----+------------+--------------+--------------+

