

================================================================
== Vivado HLS Report for 'kernel'
================================================================
* Date:           Tue Jul 28 13:44:47 2020

* Version:        2019.1 (Build 2552052 on Fri May 24 15:28:33 MDT 2019)
* Project:        benchmark.prj
* Solution:       solution1
* Product family: zynq
* Target device:  xc7z020-clg484-1


================================================================
== Performance Estimates
================================================================
+ Timing (ns): 
    * Summary: 
    +--------+-------+----------+------------+
    |  Clock | Target| Estimated| Uncertainty|
    +--------+-------+----------+------------+
    |ap_clk  |   7.00|     6.125|        0.88|
    +--------+-------+----------+------------+

+ Latency (clock cycles): 
    * Summary: 
    +-------+-------+-------+-------+---------+
    |    Latency    |    Interval   | Pipeline|
    |  min  |  max  |  min  |  max  |   Type  |
    +-------+-------+-------+-------+---------+
    |  24418|  24418|  24418|  24418|   none  |
    +-------+-------+-------+-------+---------+

    + Detail: 
        * Instance: 
        N/A

        * Loop: 
        +-----------------+-------+-------+----------+-----------+-----------+------+----------+
        |                 |    Latency    | Iteration|  Initiation Interval  | Trip |          |
        |    Loop Name    |  min  |  max  |  Latency |  achieved |   target  | Count| Pipelined|
        +-----------------+-------+-------+----------+-----------+-----------+------+----------+
        |- Loop 1         |  12816|  12816|      1602|          -|          -|     8|    no    |
        | + Loop 1.1      |   1600|   1600|       200|          -|          -|     8|    no    |
        |  ++ Loop 1.1.1  |    198|    198|        24|          -|          -|     8|    no    |
        |- Loop 2         |  11600|  11600|      1450|          -|          -|     8|    no    |
        | + Loop 2.1      |   1448|   1448|       181|          -|          -|     8|    no    |
        |  ++ Loop 2.1.1  |    166|    166|        20|          -|          -|     8|    no    |
        +-----------------+-------+-------+----------+-----------+-----------+------+----------+



================================================================
== Utilization Estimates
================================================================
* Summary: 
+-----------------+---------+-------+--------+-------+-----+
|       Name      | BRAM_18K| DSP48E|   FF   |  LUT  | URAM|
+-----------------+---------+-------+--------+-------+-----+
|DSP              |        -|      -|       -|      -|    -|
|Expression       |        -|      -|       0|    540|    -|
|FIFO             |        -|      -|       -|      -|    -|
|Instance         |        2|     12|    1478|   1264|    -|
|Memory           |        -|      -|       -|      -|    -|
|Multiplexer      |        -|      -|       -|    463|    -|
|Register         |        -|      -|    1001|      -|    -|
+-----------------+---------+-------+--------+-------+-----+
|Total            |        2|     12|    2479|   2267|    0|
+-----------------+---------+-------+--------+-------+-----+
|Available        |      280|    220|  106400|  53200|    0|
+-----------------+---------+-------+--------+-------+-----+
|Utilization (%)  |    ~0   |      5|       2|      4|    0|
+-----------------+---------+-------+--------+-------+-----+

+ Detail: 
    * Instance: 
    +------------------------------+---------------------------+---------+-------+-----+-----+-----+
    |           Instance           |           Module          | BRAM_18K| DSP48E|  FF | LUT | URAM|
    +------------------------------+---------------------------+---------+-------+-----+-----+-----+
    |kernel_control_s_axi_U        |kernel_control_s_axi       |        0|      0|  302|  488|    0|
    |kernel_gmem_m_axi_U           |kernel_gmem_m_axi          |        2|      0|  512|  580|    0|
    |kernel_mul_32s_32s_32_3_1_U1  |kernel_mul_32s_32s_32_3_1  |        0|      3|  166|   49|    0|
    |kernel_mul_32s_32s_32_3_1_U2  |kernel_mul_32s_32s_32_3_1  |        0|      3|  166|   49|    0|
    |kernel_mul_32s_32s_32_3_1_U3  |kernel_mul_32s_32s_32_3_1  |        0|      3|  166|   49|    0|
    |kernel_mul_32s_32s_32_3_1_U4  |kernel_mul_32s_32s_32_3_1  |        0|      3|  166|   49|    0|
    +------------------------------+---------------------------+---------+-------+-----+-----+-----+
    |Total                         |                           |        2|     12| 1478| 1264|    0|
    +------------------------------+---------------------------+---------+-------+-----+-----+-----+

    * DSP48E: 
    N/A

    * Memory: 
    N/A

    * FIFO: 
    N/A

    * Expression: 
    +-----------------------+----------+-------+---+----+------------+------------+
    |     Variable Name     | Operation| DSP48E| FF| LUT| Bitwidth P0| Bitwidth P1|
    +-----------------------+----------+-------+---+----+------------+------------+
    |add_ln215_1_fu_537_p2  |     +    |      0|  0|  38|          31|          31|
    |add_ln215_2_fu_554_p2  |     +    |      0|  0|  15|           8|           8|
    |add_ln215_3_fu_563_p2  |     +    |      0|  0|  38|          31|          31|
    |add_ln215_4_fu_685_p2  |     +    |      0|  0|  15|           8|           8|
    |add_ln215_5_fu_694_p2  |     +    |      0|  0|  38|          31|          31|
    |add_ln215_6_fu_711_p2  |     +    |      0|  0|  15|           8|           8|
    |add_ln215_7_fu_720_p2  |     +    |      0|  0|  38|          31|          31|
    |add_ln215_fu_528_p2    |     +    |      0|  0|  15|           8|           8|
    |add_ln321_1_fu_497_p2  |     +    |      0|  0|  38|          31|          31|
    |add_ln321_fu_488_p2    |     +    |      0|  0|  15|           8|           8|
    |add_ln44_1_fu_649_p2   |     +    |      0|  0|  38|          31|          31|
    |add_ln44_fu_640_p2     |     +    |      0|  0|  15|           8|           8|
    |add_ln700_1_fu_749_p2  |     +    |      0|  0|  39|          32|          32|
    |add_ln700_fu_596_p2    |     +    |      0|  0|  39|          32|          32|
    |i1_fu_606_p2           |     +    |      0|  0|  13|           4|           1|
    |i_fu_454_p2            |     +    |      0|  0|  13|           4|           1|
    |j1_fu_630_p2           |     +    |      0|  0|  13|           4|           1|
    |j_fu_478_p2            |     +    |      0|  0|  13|           4|           1|
    |k1_fu_675_p2           |     +    |      0|  0|  13|           4|           1|
    |k_fu_518_p2            |     +    |      0|  0|  13|           4|           1|
    |icmp_ln20_fu_448_p2    |   icmp   |      0|  0|  11|           4|           5|
    |icmp_ln23_fu_472_p2    |   icmp   |      0|  0|  11|           4|           5|
    |icmp_ln28_fu_512_p2    |   icmp   |      0|  0|  11|           4|           5|
    |icmp_ln38_fu_600_p2    |   icmp   |      0|  0|  11|           4|           5|
    |icmp_ln41_fu_624_p2    |   icmp   |      0|  0|  11|           4|           5|
    |icmp_ln48_fu_669_p2    |   icmp   |      0|  0|  11|           4|           5|
    +-----------------------+----------+-------+---+----+------------+------------+
    |Total                  |          |      0|  0| 540|         346|         334|
    +-----------------------+----------+-------+---+----+------------+------------+

    * Multiplexer: 
    +----------------------+-----+-----------+-----+-----------+
    |         Name         | LUT | Input Size| Bits| Total Bits|
    +----------------------+-----+-----------+-----+-----------+
    |ap_NS_fsm             |  269|         63|    1|         63|
    |gmem_ARADDR           |   47|         10|   32|        320|
    |gmem_AWADDR           |   15|          3|   32|         96|
    |gmem_WDATA            |   15|          3|   32|         96|
    |gmem_blk_n_AR         |    9|          2|    1|          2|
    |gmem_blk_n_AW         |    9|          2|    1|          2|
    |gmem_blk_n_B          |    9|          2|    1|          2|
    |gmem_blk_n_R          |    9|          2|    1|          2|
    |gmem_blk_n_W          |    9|          2|    1|          2|
    |i1_0_reg_291          |    9|          2|    4|          8|
    |i_0_reg_246           |    9|          2|    4|          8|
    |j1_0_reg_302          |    9|          2|    4|          8|
    |j_0_reg_257           |    9|          2|    4|          8|
    |k1_0_reg_323          |    9|          2|    4|          8|
    |k_0_reg_280           |    9|          2|    4|          8|
    |storemerge16_reg_313  |    9|          2|   32|         64|
    |storemerge_reg_268    |    9|          2|   32|         64|
    +----------------------+-----+-----------+-----+-----------+
    |Total                 |  463|        105|  190|        761|
    +----------------------+-----+-----------+-----+-----------+

    * Register: 
    +--------------------------+----+----+-----+-----------+
    |           Name           | FF | LUT| Bits| Const Bits|
    +--------------------------+----+----+-----+-----------+
    |add_ln215_1_reg_834       |  31|   0|   31|          0|
    |add_ln215_3_reg_839       |  31|   0|   31|          0|
    |add_ln215_5_reg_948       |  31|   0|   31|          0|
    |add_ln215_7_reg_953       |  31|   0|   31|          0|
    |add_ln44_1_reg_918        |  31|   0|   31|          0|
    |ap_CS_fsm                 |  62|   0|   62|          0|
    |gmem_addr_1_read_reg_856  |  32|   0|   32|          0|
    |gmem_addr_1_reg_786       |  30|   0|   32|          2|
    |gmem_addr_2_read_reg_881  |  32|   0|   32|          0|
    |gmem_addr_2_reg_819       |  31|   0|   32|          1|
    |gmem_addr_3_reg_923       |  31|   0|   32|          1|
    |gmem_addr_4_read_reg_861  |  32|   0|   32|          0|
    |gmem_addr_5_read_reg_866  |  32|   0|   32|          0|
    |gmem_addr_6_read_reg_970  |  32|   0|   32|          0|
    |gmem_addr_7_read_reg_975  |  32|   0|   32|          0|
    |gmem_addr_read_reg_930    |  32|   0|   32|          0|
    |gmem_addr_reg_780         |  30|   0|   32|          2|
    |i1_0_reg_291              |   4|   0|    4|          0|
    |i1_reg_894                |   4|   0|    4|          0|
    |i_0_reg_246               |   4|   0|    4|          0|
    |i_reg_795                 |   4|   0|    4|          0|
    |j1_0_reg_302              |   4|   0|    4|          0|
    |j1_reg_908                |   4|   0|    4|          0|
    |j_0_reg_257               |   4|   0|    4|          0|
    |j_reg_809                 |   4|   0|    4|          0|
    |k1_0_reg_323              |   4|   0|    4|          0|
    |k1_reg_943                |   4|   0|    4|          0|
    |k_0_reg_280               |   4|   0|    4|          0|
    |k_reg_829                 |   4|   0|    4|          0|
    |mul_ln209_1_reg_871       |  32|   0|   32|          0|
    |mul_ln209_reg_935         |  32|   0|   32|          0|
    |p_cast17_reg_769          |  30|   0|   31|          1|
    |p_cast18_reg_764          |  30|   0|   31|          1|
    |p_cast19_reg_759          |  30|   0|   31|          1|
    |p_cast20_reg_754          |  30|   0|   31|          1|
    |p_cast_reg_774            |  30|   0|   31|          1|
    |reg_334                   |  32|   0|   32|          0|
    |storemerge16_reg_313      |  32|   0|   32|          0|
    |storemerge_reg_268        |  32|   0|   32|          0|
    |v1_V_reg_980              |  32|   0|   32|          0|
    |v_V_reg_876               |  32|   0|   32|          0|
    |zext_ln23_reg_800         |   4|   0|    8|          4|
    |zext_ln321_reg_814        |   4|   0|    8|          4|
    |zext_ln41_reg_899         |   4|   0|    8|          4|
    |zext_ln44_reg_913         |   4|   0|    8|          4|
    +--------------------------+----+----+-----+-----------+
    |Total                     |1001|   0| 1028|         27|
    +--------------------------+----+----+-----+-----------+



================================================================
== Interface
================================================================
* Summary: 
+-----------------------+-----+-----+------------+--------------+--------------+
|       RTL Ports       | Dir | Bits|  Protocol  | Source Object|    C Type    |
+-----------------------+-----+-----+------------+--------------+--------------+
|s_axi_control_AWVALID  |  in |    1|    s_axi   |    control   |    scalar    |
|s_axi_control_AWREADY  | out |    1|    s_axi   |    control   |    scalar    |
|s_axi_control_AWADDR   |  in |    7|    s_axi   |    control   |    scalar    |
|s_axi_control_WVALID   |  in |    1|    s_axi   |    control   |    scalar    |
|s_axi_control_WREADY   | out |    1|    s_axi   |    control   |    scalar    |
|s_axi_control_WDATA    |  in |   32|    s_axi   |    control   |    scalar    |
|s_axi_control_WSTRB    |  in |    4|    s_axi   |    control   |    scalar    |
|s_axi_control_ARVALID  |  in |    1|    s_axi   |    control   |    scalar    |
|s_axi_control_ARREADY  | out |    1|    s_axi   |    control   |    scalar    |
|s_axi_control_ARADDR   |  in |    7|    s_axi   |    control   |    scalar    |
|s_axi_control_RVALID   | out |    1|    s_axi   |    control   |    scalar    |
|s_axi_control_RREADY   |  in |    1|    s_axi   |    control   |    scalar    |
|s_axi_control_RDATA    | out |   32|    s_axi   |    control   |    scalar    |
|s_axi_control_RRESP    | out |    2|    s_axi   |    control   |    scalar    |
|s_axi_control_BVALID   | out |    1|    s_axi   |    control   |    scalar    |
|s_axi_control_BREADY   |  in |    1|    s_axi   |    control   |    scalar    |
|s_axi_control_BRESP    | out |    2|    s_axi   |    control   |    scalar    |
|ap_clk                 |  in |    1| ap_ctrl_hs |    kernel    | return value |
|ap_rst_n               |  in |    1| ap_ctrl_hs |    kernel    | return value |
|interrupt              | out |    1| ap_ctrl_hs |    kernel    | return value |
|m_axi_gmem_AWVALID     | out |    1|    m_axi   |     gmem     |    pointer   |
|m_axi_gmem_AWREADY     |  in |    1|    m_axi   |     gmem     |    pointer   |
|m_axi_gmem_AWADDR      | out |   32|    m_axi   |     gmem     |    pointer   |
|m_axi_gmem_AWID        | out |    1|    m_axi   |     gmem     |    pointer   |
|m_axi_gmem_AWLEN       | out |    8|    m_axi   |     gmem     |    pointer   |
|m_axi_gmem_AWSIZE      | out |    3|    m_axi   |     gmem     |    pointer   |
|m_axi_gmem_AWBURST     | out |    2|    m_axi   |     gmem     |    pointer   |
|m_axi_gmem_AWLOCK      | out |    2|    m_axi   |     gmem     |    pointer   |
|m_axi_gmem_AWCACHE     | out |    4|    m_axi   |     gmem     |    pointer   |
|m_axi_gmem_AWPROT      | out |    3|    m_axi   |     gmem     |    pointer   |
|m_axi_gmem_AWQOS       | out |    4|    m_axi   |     gmem     |    pointer   |
|m_axi_gmem_AWREGION    | out |    4|    m_axi   |     gmem     |    pointer   |
|m_axi_gmem_AWUSER      | out |    1|    m_axi   |     gmem     |    pointer   |
|m_axi_gmem_WVALID      | out |    1|    m_axi   |     gmem     |    pointer   |
|m_axi_gmem_WREADY      |  in |    1|    m_axi   |     gmem     |    pointer   |
|m_axi_gmem_WDATA       | out |   32|    m_axi   |     gmem     |    pointer   |
|m_axi_gmem_WSTRB       | out |    4|    m_axi   |     gmem     |    pointer   |
|m_axi_gmem_WLAST       | out |    1|    m_axi   |     gmem     |    pointer   |
|m_axi_gmem_WID         | out |    1|    m_axi   |     gmem     |    pointer   |
|m_axi_gmem_WUSER       | out |    1|    m_axi   |     gmem     |    pointer   |
|m_axi_gmem_ARVALID     | out |    1|    m_axi   |     gmem     |    pointer   |
|m_axi_gmem_ARREADY     |  in |    1|    m_axi   |     gmem     |    pointer   |
|m_axi_gmem_ARADDR      | out |   32|    m_axi   |     gmem     |    pointer   |
|m_axi_gmem_ARID        | out |    1|    m_axi   |     gmem     |    pointer   |
|m_axi_gmem_ARLEN       | out |    8|    m_axi   |     gmem     |    pointer   |
|m_axi_gmem_ARSIZE      | out |    3|    m_axi   |     gmem     |    pointer   |
|m_axi_gmem_ARBURST     | out |    2|    m_axi   |     gmem     |    pointer   |
|m_axi_gmem_ARLOCK      | out |    2|    m_axi   |     gmem     |    pointer   |
|m_axi_gmem_ARCACHE     | out |    4|    m_axi   |     gmem     |    pointer   |
|m_axi_gmem_ARPROT      | out |    3|    m_axi   |     gmem     |    pointer   |
|m_axi_gmem_ARQOS       | out |    4|    m_axi   |     gmem     |    pointer   |
|m_axi_gmem_ARREGION    | out |    4|    m_axi   |     gmem     |    pointer   |
|m_axi_gmem_ARUSER      | out |    1|    m_axi   |     gmem     |    pointer   |
|m_axi_gmem_RVALID      |  in |    1|    m_axi   |     gmem     |    pointer   |
|m_axi_gmem_RREADY      | out |    1|    m_axi   |     gmem     |    pointer   |
|m_axi_gmem_RDATA       |  in |   32|    m_axi   |     gmem     |    pointer   |
|m_axi_gmem_RLAST       |  in |    1|    m_axi   |     gmem     |    pointer   |
|m_axi_gmem_RID         |  in |    1|    m_axi   |     gmem     |    pointer   |
|m_axi_gmem_RUSER       |  in |    1|    m_axi   |     gmem     |    pointer   |
|m_axi_gmem_RRESP       |  in |    2|    m_axi   |     gmem     |    pointer   |
|m_axi_gmem_BVALID      |  in |    1|    m_axi   |     gmem     |    pointer   |
|m_axi_gmem_BREADY      | out |    1|    m_axi   |     gmem     |    pointer   |
|m_axi_gmem_BRESP       |  in |    2|    m_axi   |     gmem     |    pointer   |
|m_axi_gmem_BID         |  in |    1|    m_axi   |     gmem     |    pointer   |
|m_axi_gmem_BUSER       |  in |    1|    m_axi   |     gmem     |    pointer   |
+-----------------------+-----+-----+------------+--------------+--------------+

