

================================================================
== Vivado HLS Report for 'kernel'
================================================================
* Date:           Tue Jul 28 14:24:02 2020

* Version:        2019.1 (Build 2552052 on Fri May 24 15:28:33 MDT 2019)
* Project:        benchmark.prj
* Solution:       solution1
* Product family: zynq
* Target device:  xc7z020-clg484-1


================================================================
== Performance Estimates
================================================================
+ Timing (ns): 
    * Summary: 
    +--------+-------+----------+------------+
    |  Clock | Target| Estimated| Uncertainty|
    +--------+-------+----------+------------+
    |ap_clk  |   7.00|     6.125|        0.88|
    +--------+-------+----------+------------+

+ Latency (clock cycles): 
    * Summary: 
    +------+------+------+------+---------+
    |   Latency   |   Interval  | Pipeline|
    |  min |  max |  min |  max |   Type  |
    +------+------+------+------+---------+
    |  2487|  2487|  2487|  2487|   none  |
    +------+------+------+------+---------+

    + Detail: 
        * Instance: 
        N/A

        * Loop: 
        +-------------+------+------+----------+-----------+-----------+------+----------+
        |             |   Latency   | Iteration|  Initiation Interval  | Trip |          |
        |  Loop Name  |  min |  max |  Latency |  achieved |   target  | Count| Pipelined|
        +-------------+------+------+----------+-----------+-----------+------+----------+
        |- Loop 1     |     8|     8|         1|          -|          -|     8|    no    |
        |- Loop 2     |  2472|  2472|       309|          -|          -|     8|    no    |
        | + Loop 2.1  |   174|   174|        21|          -|          -|     8|    no    |
        | + Loop 2.2  |   128|   128|        16|          -|          -|     8|    no    |
        +-------------+------+------+----------+-----------+-----------+------+----------+



================================================================
== Utilization Estimates
================================================================
* Summary: 
+-----------------+---------+-------+--------+-------+-----+
|       Name      | BRAM_18K| DSP48E|   FF   |  LUT  | URAM|
+-----------------+---------+-------+--------+-------+-----+
|DSP              |        -|      -|       -|      -|    -|
|Expression       |        -|      -|       0|    398|    -|
|FIFO             |        -|      -|       -|      -|    -|
|Instance         |        2|      6|    1032|    974|    -|
|Memory           |        -|      -|       -|      -|    -|
|Multiplexer      |        -|      -|       -|    397|    -|
|Register         |        -|      -|     764|      -|    -|
+-----------------+---------+-------+--------+-------+-----+
|Total            |        2|      6|    1796|   1769|    0|
+-----------------+---------+-------+--------+-------+-----+
|Available        |      280|    220|  106400|  53200|    0|
+-----------------+---------+-------+--------+-------+-----+
|Utilization (%)  |    ~0   |      2|       1|      3|    0|
+-----------------+---------+-------+--------+-------+-----+

+ Detail: 
    * Instance: 
    +------------------------------+---------------------------+---------+-------+-----+-----+-----+
    |           Instance           |           Module          | BRAM_18K| DSP48E|  FF | LUT | URAM|
    +------------------------------+---------------------------+---------+-------+-----+-----+-----+
    |kernel_control_s_axi_U        |kernel_control_s_axi       |        0|      0|  188|  296|    0|
    |kernel_gmem_m_axi_U           |kernel_gmem_m_axi          |        2|      0|  512|  580|    0|
    |kernel_mul_32s_32s_32_3_1_U1  |kernel_mul_32s_32s_32_3_1  |        0|      3|  166|   49|    0|
    |kernel_mul_32s_32s_32_3_1_U2  |kernel_mul_32s_32s_32_3_1  |        0|      3|  166|   49|    0|
    +------------------------------+---------------------------+---------+-------+-----+-----+-----+
    |Total                         |                           |        2|      6| 1032|  974|    0|
    +------------------------------+---------------------------+---------+-------+-----+-----+-----+

    * DSP48E: 
    N/A

    * Memory: 
    N/A

    * FIFO: 
    N/A

    * Expression: 
    +-----------------------+----------+-------+---+----+------------+------------+
    |     Variable Name     | Operation| DSP48E| FF| LUT| Bitwidth P0| Bitwidth P1|
    +-----------------------+----------+-------+---+----+------------+------------+
    |add_ln209_1_fu_525_p2  |     +    |      0|  0|  39|          32|          32|
    |add_ln209_fu_456_p2    |     +    |      0|  0|  39|          32|          32|
    |add_ln215_1_fu_422_p2  |     +    |      0|  0|  38|          31|          31|
    |add_ln215_2_fu_427_p2  |     +    |      0|  0|  38|          31|          31|
    |add_ln215_3_fu_481_p2  |     +    |      0|  0|  15|           8|           8|
    |add_ln215_4_fu_490_p2  |     +    |      0|  0|  38|          31|          31|
    |add_ln215_fu_413_p2    |     +    |      0|  0|  15|           8|           8|
    |add_ln321_fu_368_p2    |     +    |      0|  0|  38|          31|          31|
    |add_ln36_fu_495_p2     |     +    |      0|  0|  38|          31|          31|
    |i_1_fu_346_p2          |     +    |      0|  0|  13|           4|           1|
    |i_fu_334_p2            |     +    |      0|  0|  13|           4|           1|
    |j_1_fu_467_p2          |     +    |      0|  0|  13|           4|           1|
    |j_fu_389_p2            |     +    |      0|  0|  13|           4|           1|
    |ap_block_state15_io    |    and   |      0|  0|   2|           1|           1|
    |ap_block_state3_io     |    and   |      0|  0|   2|           1|           1|
    |icmp_ln14_fu_328_p2    |   icmp   |      0|  0|  11|           4|           5|
    |icmp_ln20_fu_340_p2    |   icmp   |      0|  0|  11|           4|           5|
    |icmp_ln25_fu_383_p2    |   icmp   |      0|  0|  11|           4|           5|
    |icmp_ln33_fu_461_p2    |   icmp   |      0|  0|  11|           4|           5|
    +-----------------------+----------+-------+---+----+------------+------------+
    |Total                  |          |      0|  0| 398|         269|         261|
    +-----------------------+----------+-------+---+----+------------+------------+

    * Multiplexer: 
    +--------------------+-----+-----------+-----+-----------+
    |        Name        | LUT | Input Size| Bits| Total Bits|
    +--------------------+-----+-----------+-----+-----------+
    |ap_NS_fsm           |  217|         50|    1|         50|
    |gmem_ARADDR         |   33|          6|   32|        192|
    |gmem_AWADDR         |   21|          4|   32|        128|
    |gmem_AWLEN          |   15|          3|   32|         96|
    |gmem_WDATA          |   21|          4|   32|        128|
    |gmem_blk_n_AR       |    9|          2|    1|          2|
    |gmem_blk_n_AW       |    9|          2|    1|          2|
    |gmem_blk_n_B        |    9|          2|    1|          2|
    |gmem_blk_n_R        |    9|          2|    1|          2|
    |gmem_blk_n_W        |    9|          2|    1|          2|
    |i1_0_reg_216        |    9|          2|    4|          8|
    |i_0_reg_205         |    9|          2|    4|          8|
    |j2_0_reg_251        |    9|          2|    4|          8|
    |j_0_reg_239         |    9|          2|    4|          8|
    |storemerge_reg_227  |    9|          2|   32|         64|
    +--------------------+-----+-----------+-----+-----------+
    |Total               |  397|         87|  182|        700|
    +--------------------+-----+-----------+-----+-----------+

    * Register: 
    +--------------------------+----+----+-----+-----------+
    |           Name           | FF | LUT| Bits| Const Bits|
    +--------------------------+----+----+-----+-----------+
    |add_ln209_1_reg_708       |  32|   0|   32|          0|
    |add_ln215_1_reg_621       |  31|   0|   31|          0|
    |add_ln215_2_reg_626       |  31|   0|   31|          0|
    |add_ln215_4_reg_671       |  31|   0|   31|          0|
    |add_ln36_reg_676          |  31|   0|   31|          0|
    |ap_CS_fsm                 |  49|   0|   49|          0|
    |gmem_addr_1_reg_600       |  31|   0|   32|          1|
    |gmem_addr_3_read_reg_643  |  32|   0|   32|          0|
    |gmem_addr_4_read_reg_648  |  32|   0|   32|          0|
    |gmem_addr_5_read_reg_698  |  32|   0|   32|          0|
    |i1_0_reg_216              |   4|   0|    4|          0|
    |i_0_reg_205               |   4|   0|    4|          0|
    |i_1_reg_589               |   4|   0|    4|          0|
    |j2_0_reg_251              |   4|   0|    4|          0|
    |j_0_reg_239               |   4|   0|    4|          0|
    |j_1_reg_666               |   4|   0|    4|          0|
    |j_reg_610                 |   4|   0|    4|          0|
    |mul_ln209_1_reg_703       |  32|   0|   32|          0|
    |mul_ln209_reg_653         |  32|   0|   32|          0|
    |p_cast13_reg_567          |  30|   0|   31|          1|
    |p_cast14_reg_556          |  30|   0|   31|          1|
    |p_cast15_reg_551          |  30|   0|   31|          1|
    |p_cast_reg_572            |  30|   0|   31|          1|
    |reg_262                   |  32|   0|   32|          0|
    |storemerge_reg_227        |  32|   0|   32|          0|
    |tmp_2_reg_529             |  30|   0|   30|          0|
    |tmp_3_reg_541             |  30|   0|   30|          0|
    |tmp_4_reg_546             |  30|   0|   30|          0|
    |y0_V_reg_693              |  32|   0|   32|          0|
    |y_V5_reg_534              |  30|   0|   30|          0|
    |zext_ln321_reg_594        |   4|   0|    8|          4|
    +--------------------------+----+----+-----+-----------+
    |Total                     | 764|   0|  773|          9|
    +--------------------------+----+----+-----+-----------+



================================================================
== Interface
================================================================
* Summary: 
+-----------------------+-----+-----+------------+--------------+--------------+
|       RTL Ports       | Dir | Bits|  Protocol  | Source Object|    C Type    |
+-----------------------+-----+-----+------------+--------------+--------------+
|s_axi_control_AWVALID  |  in |    1|    s_axi   |    control   |    scalar    |
|s_axi_control_AWREADY  | out |    1|    s_axi   |    control   |    scalar    |
|s_axi_control_AWADDR   |  in |    6|    s_axi   |    control   |    scalar    |
|s_axi_control_WVALID   |  in |    1|    s_axi   |    control   |    scalar    |
|s_axi_control_WREADY   | out |    1|    s_axi   |    control   |    scalar    |
|s_axi_control_WDATA    |  in |   32|    s_axi   |    control   |    scalar    |
|s_axi_control_WSTRB    |  in |    4|    s_axi   |    control   |    scalar    |
|s_axi_control_ARVALID  |  in |    1|    s_axi   |    control   |    scalar    |
|s_axi_control_ARREADY  | out |    1|    s_axi   |    control   |    scalar    |
|s_axi_control_ARADDR   |  in |    6|    s_axi   |    control   |    scalar    |
|s_axi_control_RVALID   | out |    1|    s_axi   |    control   |    scalar    |
|s_axi_control_RREADY   |  in |    1|    s_axi   |    control   |    scalar    |
|s_axi_control_RDATA    | out |   32|    s_axi   |    control   |    scalar    |
|s_axi_control_RRESP    | out |    2|    s_axi   |    control   |    scalar    |
|s_axi_control_BVALID   | out |    1|    s_axi   |    control   |    scalar    |
|s_axi_control_BREADY   |  in |    1|    s_axi   |    control   |    scalar    |
|s_axi_control_BRESP    | out |    2|    s_axi   |    control   |    scalar    |
|ap_clk                 |  in |    1| ap_ctrl_hs |    kernel    | return value |
|ap_rst_n               |  in |    1| ap_ctrl_hs |    kernel    | return value |
|interrupt              | out |    1| ap_ctrl_hs |    kernel    | return value |
|m_axi_gmem_AWVALID     | out |    1|    m_axi   |     gmem     |    pointer   |
|m_axi_gmem_AWREADY     |  in |    1|    m_axi   |     gmem     |    pointer   |
|m_axi_gmem_AWADDR      | out |   32|    m_axi   |     gmem     |    pointer   |
|m_axi_gmem_AWID        | out |    1|    m_axi   |     gmem     |    pointer   |
|m_axi_gmem_AWLEN       | out |    8|    m_axi   |     gmem     |    pointer   |
|m_axi_gmem_AWSIZE      | out |    3|    m_axi   |     gmem     |    pointer   |
|m_axi_gmem_AWBURST     | out |    2|    m_axi   |     gmem     |    pointer   |
|m_axi_gmem_AWLOCK      | out |    2|    m_axi   |     gmem     |    pointer   |
|m_axi_gmem_AWCACHE     | out |    4|    m_axi   |     gmem     |    pointer   |
|m_axi_gmem_AWPROT      | out |    3|    m_axi   |     gmem     |    pointer   |
|m_axi_gmem_AWQOS       | out |    4|    m_axi   |     gmem     |    pointer   |
|m_axi_gmem_AWREGION    | out |    4|    m_axi   |     gmem     |    pointer   |
|m_axi_gmem_AWUSER      | out |    1|    m_axi   |     gmem     |    pointer   |
|m_axi_gmem_WVALID      | out |    1|    m_axi   |     gmem     |    pointer   |
|m_axi_gmem_WREADY      |  in |    1|    m_axi   |     gmem     |    pointer   |
|m_axi_gmem_WDATA       | out |   32|    m_axi   |     gmem     |    pointer   |
|m_axi_gmem_WSTRB       | out |    4|    m_axi   |     gmem     |    pointer   |
|m_axi_gmem_WLAST       | out |    1|    m_axi   |     gmem     |    pointer   |
|m_axi_gmem_WID         | out |    1|    m_axi   |     gmem     |    pointer   |
|m_axi_gmem_WUSER       | out |    1|    m_axi   |     gmem     |    pointer   |
|m_axi_gmem_ARVALID     | out |    1|    m_axi   |     gmem     |    pointer   |
|m_axi_gmem_ARREADY     |  in |    1|    m_axi   |     gmem     |    pointer   |
|m_axi_gmem_ARADDR      | out |   32|    m_axi   |     gmem     |    pointer   |
|m_axi_gmem_ARID        | out |    1|    m_axi   |     gmem     |    pointer   |
|m_axi_gmem_ARLEN       | out |    8|    m_axi   |     gmem     |    pointer   |
|m_axi_gmem_ARSIZE      | out |    3|    m_axi   |     gmem     |    pointer   |
|m_axi_gmem_ARBURST     | out |    2|    m_axi   |     gmem     |    pointer   |
|m_axi_gmem_ARLOCK      | out |    2|    m_axi   |     gmem     |    pointer   |
|m_axi_gmem_ARCACHE     | out |    4|    m_axi   |     gmem     |    pointer   |
|m_axi_gmem_ARPROT      | out |    3|    m_axi   |     gmem     |    pointer   |
|m_axi_gmem_ARQOS       | out |    4|    m_axi   |     gmem     |    pointer   |
|m_axi_gmem_ARREGION    | out |    4|    m_axi   |     gmem     |    pointer   |
|m_axi_gmem_ARUSER      | out |    1|    m_axi   |     gmem     |    pointer   |
|m_axi_gmem_RVALID      |  in |    1|    m_axi   |     gmem     |    pointer   |
|m_axi_gmem_RREADY      | out |    1|    m_axi   |     gmem     |    pointer   |
|m_axi_gmem_RDATA       |  in |   32|    m_axi   |     gmem     |    pointer   |
|m_axi_gmem_RLAST       |  in |    1|    m_axi   |     gmem     |    pointer   |
|m_axi_gmem_RID         |  in |    1|    m_axi   |     gmem     |    pointer   |
|m_axi_gmem_RUSER       |  in |    1|    m_axi   |     gmem     |    pointer   |
|m_axi_gmem_RRESP       |  in |    2|    m_axi   |     gmem     |    pointer   |
|m_axi_gmem_BVALID      |  in |    1|    m_axi   |     gmem     |    pointer   |
|m_axi_gmem_BREADY      | out |    1|    m_axi   |     gmem     |    pointer   |
|m_axi_gmem_BRESP       |  in |    2|    m_axi   |     gmem     |    pointer   |
|m_axi_gmem_BID         |  in |    1|    m_axi   |     gmem     |    pointer   |
|m_axi_gmem_BUSER       |  in |    1|    m_axi   |     gmem     |    pointer   |
+-----------------------+-----+-----+------------+--------------+--------------+

