

================================================================
== Vivado HLS Report for 'kernel'
================================================================
* Date:           Tue Jul 28 14:41:03 2020

* Version:        2019.1 (Build 2552052 on Fri May 24 15:28:33 MDT 2019)
* Project:        benchmark.prj
* Solution:       solution1
* Product family: zynq
* Target device:  xc7z020-clg484-1


================================================================
== Performance Estimates
================================================================
+ Timing (ns): 
    * Summary: 
    +--------+-------+----------+------------+
    |  Clock | Target| Estimated| Uncertainty|
    +--------+-------+----------+------------+
    |ap_clk  |   7.00|     6.125|        0.88|
    +--------+-------+----------+------------+

+ Latency (clock cycles): 
    * Summary: 
    +-----+-----+-----+-----+---------+
    |  Latency  |  Interval | Pipeline|
    | min | max | min | max |   Type  |
    +-----+-----+-----+-----+---------+
    |    ?|    ?|    ?|    ?|   none  |
    +-----+-----+-----+-----+---------+

    + Detail: 
        * Instance: 
        N/A

        * Loop: 
        +-----------------+-----+------+----------+-----------+-----------+-------+----------+
        |                 |   Latency  | Iteration|  Initiation Interval  |  Trip |          |
        |    Loop Name    | min |  max |  Latency |  achieved |   target  | Count | Pipelined|
        +-----------------+-----+------+----------+-----------+-----------+-------+----------+
        |- Loop 1         |    ?|     ?|         ?|          -|          -|      8|    no    |
        | + Loop 1.1      |    0|  1344| 52 ~ 192 |          -|          -| 0 ~ 7 |    no    |
        |  ++ Loop 1.1.1  |    0|   140|        20|          -|          -| 0 ~ 7 |    no    |
        | + Loop 1.2      |    ?|     ?|  2 ~ 142 |          -|          -|      ?|    no    |
        |  ++ Loop 1.2.1  |    0|   140|        20|          -|          -| 0 ~ 7 |    no    |
        +-----------------+-----+------+----------+-----------+-----------+-------+----------+



================================================================
== Utilization Estimates
================================================================
* Summary: 
+-----------------+---------+-------+--------+-------+-----+
|       Name      | BRAM_18K| DSP48E|   FF   |  LUT  | URAM|
+-----------------+---------+-------+--------+-------+-----+
|DSP              |        -|      -|       -|      -|    -|
|Expression       |        -|      -|       0|    478|    -|
|FIFO             |        -|      -|       -|      -|    -|
|Instance         |        2|      6|    1312|   1020|    -|
|Memory           |        -|      -|       -|      -|    -|
|Multiplexer      |        -|      -|       -|    580|    -|
|Register         |        -|      -|     763|      -|    -|
+-----------------+---------+-------+--------+-------+-----+
|Total            |        2|      6|    2075|   2078|    0|
+-----------------+---------+-------+--------+-------+-----+
|Available        |      280|    220|  106400|  53200|    0|
+-----------------+---------+-------+--------+-------+-----+
|Utilization (%)  |    ~0   |      2|       1|      3|    0|
+-----------------+---------+-------+--------+-------+-----+

+ Detail: 
    * Instance: 
    +--------------------------------------+-----------------------------------+---------+-------+-----+-----+-----+
    |               Instance               |               Module              | BRAM_18K| DSP48E|  FF | LUT | URAM|
    +--------------------------------------+-----------------------------------+---------+-------+-----+-----+-----+
    |kernel_control_s_axi_U                |kernel_control_s_axi               |        0|      0|   74|  104|    0|
    |kernel_gmem_m_axi_U                   |kernel_gmem_m_axi                  |        2|      0|  512|  580|    0|
    |kernel_mul_32s_32s_32_3_1_U1          |kernel_mul_32s_32s_32_3_1          |        0|      3|  166|   49|    0|
    |kernel_mul_32s_32s_32_3_1_U3          |kernel_mul_32s_32s_32_3_1          |        0|      3|  166|   49|    0|
    |kernel_udiv_32ns_32ns_32_36_seq_1_U2  |kernel_udiv_32ns_32ns_32_36_seq_1  |        0|      0|  394|  238|    0|
    +--------------------------------------+-----------------------------------+---------+-------+-----+-----+-----+
    |Total                                 |                                   |        2|      6| 1312| 1020|    0|
    +--------------------------------------+-----------------------------------+---------+-------+-----+-----+-----+

    * DSP48E: 
    N/A

    * Memory: 
    N/A

    * FIFO: 
    N/A

    * Expression: 
    +------------------------+----------+-------+---+----+------------+------------+
    |      Variable Name     | Operation| DSP48E| FF| LUT| Bitwidth P0| Bitwidth P1|
    +------------------------+----------+-------+---+----+------------+------------+
    |add_ln17_fu_332_p2      |     +    |      0|  0|  38|          31|          31|
    |add_ln19_fu_398_p2      |     +    |      0|  0|  38|          31|          31|
    |add_ln21_fu_425_p2      |     +    |      0|  0|  38|          31|          31|
    |add_ln29_fu_359_p2      |     +    |      0|  0|  38|          31|          31|
    |add_ln33_fu_314_p2      |     +    |      0|  0|  12|           3|           1|
    |add_ln41_1_fu_479_p2    |     +    |      0|  0|  38|          31|          31|
    |add_ln41_fu_470_p2      |     +    |      0|  0|  15|           8|           8|
    |add_ln43_fu_522_p2      |     +    |      0|  0|  38|          31|          31|
    |add_ln45_1_fu_548_p2    |     +    |      0|  0|  38|          31|          31|
    |add_ln45_fu_539_p2      |     +    |      0|  0|  15|           7|           7|
    |i_fu_286_p2             |     +    |      0|  0|  13|           4|           1|
    |j_V_1_fu_553_p2         |     +    |      0|  0|  13|           4|           1|
    |k_V_1_fu_504_p2         |     +    |      0|  0|  12|           3|           1|
    |k_V_fu_380_p2           |     +    |      0|  0|  12|           3|           1|
    |sub_ln214_1_fu_583_p2   |     -    |      0|  0|  39|          32|          32|
    |sub_ln214_fu_444_p2     |     -    |      0|  0|  39|          32|          32|
    |ap_block_state75_io     |    and   |      0|  0|   2|           1|           1|
    |icmp_ln15_fu_374_p2     |   icmp   |      0|  0|   9|           3|           3|
    |icmp_ln887_1_fu_498_p2  |   icmp   |      0|  0|   9|           4|           4|
    |icmp_ln887_fu_308_p2    |   icmp   |      0|  0|   9|           4|           4|
    |icmp_ln8_fu_280_p2      |   icmp   |      0|  0|  11|           4|           5|
    |ap_block_state4_io      |    or    |      0|  0|   2|           1|           1|
    +------------------------+----------+-------+---+----+------------+------------+
    |Total                   |          |      0|  0| 478|         330|         319|
    +------------------------+----------+-------+---+----+------------+------------+

    * Multiplexer: 
    +--------------------+-----+-----------+-----+-----------+
    |        Name        | LUT | Input Size| Bits| Total Bits|
    +--------------------+-----+-----------+-----+-----------+
    |ap_NS_fsm           |  413|         95|    1|         95|
    |gmem_ARADDR         |   41|          8|   32|        256|
    |gmem_AWADDR         |   15|          3|   32|         96|
    |gmem_WDATA          |   21|          4|   32|        128|
    |gmem_blk_n_AR       |    9|          2|    1|          2|
    |gmem_blk_n_AW       |    9|          2|    1|          2|
    |gmem_blk_n_B        |    9|          2|    1|          2|
    |gmem_blk_n_R        |    9|          2|    1|          2|
    |gmem_blk_n_W        |    9|          2|    1|          2|
    |indvars_iv_reg_216  |    9|          2|    3|          6|
    |j_V_reg_204         |    9|          2|    4|          8|
    |p_0208_0_reg_228    |    9|          2|    3|          6|
    |p_0237_0_reg_251    |    9|          2|    3|          6|
    |p_0316_1_reg_240    |    9|          2|    4|          8|
    +--------------------+-----+-----------+-----+-----------+
    |Total               |  580|        130|  119|        619|
    +--------------------+-----+-----------+-----+-----------+

    * Register: 
    +---------------------+----+----+-----+-----------+
    |         Name        | FF | LUT| Bits| Const Bits|
    +---------------------+----+----+-----+-----------+
    |A_i_j_V_2_reg_743    |  32|   0|   32|          0|
    |A_i_k_V_1_reg_748    |  32|   0|   32|          0|
    |A_i_k_V_reg_663      |  32|   0|   32|          0|
    |A_j_j_V_reg_683      |  32|   0|   32|          0|
    |A_k_j_V_1_reg_753    |  32|   0|   32|          0|
    |A_k_j_V_reg_668      |  32|   0|   32|          0|
    |add_ln19_reg_641     |  31|   0|   31|          0|
    |add_ln21_reg_652     |  31|   0|   31|          0|
    |add_ln33_reg_614     |   3|   0|    3|          0|
    |add_ln43_reg_716     |  31|   0|   31|          0|
    |add_ln45_1_reg_721   |  31|   0|   31|          0|
    |ap_CS_fsm            |  94|   0|   94|          0|
    |gmem_addr_1_reg_627  |  31|   0|   32|          1|
    |gmem_addr_4_reg_701  |  31|   0|   32|          1|
    |gmem_addr_reg_619    |  31|   0|   32|          1|
    |i_reg_601            |   4|   0|    4|          0|
    |indvars_iv_reg_216   |   3|   0|    3|          0|
    |j_V_reg_204          |   4|   0|    4|          0|
    |k_V_1_reg_711        |   3|   0|    3|          0|
    |k_V_reg_636          |   3|   0|    3|          0|
    |mul_ln214_1_reg_758  |  32|   0|   32|          0|
    |mul_ln214_reg_673    |  32|   0|   32|          0|
    |p_0208_0_reg_228     |   3|   0|    3|          0|
    |p_0237_0_reg_251     |   3|   0|    3|          0|
    |p_0316_1_reg_240     |   4|   0|    4|          0|
    |p_cast_reg_587       |  30|   0|   31|          1|
    |reg_262              |  32|   0|   32|          0|
    |ret_V_reg_688        |  32|   0|   32|          0|
    |sub_ln214_1_reg_763  |  32|   0|   32|          0|
    |sub_ln214_reg_678    |  32|   0|   32|          0|
    |zext_ln12_reg_606    |   4|   0|    8|          4|
    |zext_ln41_reg_696    |   4|   0|    7|          3|
    +---------------------+----+----+-----+-----------+
    |Total                | 763|   0|  774|         11|
    +---------------------+----+----+-----+-----------+



================================================================
== Interface
================================================================
* Summary: 
+-----------------------+-----+-----+------------+--------------+--------------+
|       RTL Ports       | Dir | Bits|  Protocol  | Source Object|    C Type    |
+-----------------------+-----+-----+------------+--------------+--------------+
|s_axi_control_AWVALID  |  in |    1|    s_axi   |    control   |    scalar    |
|s_axi_control_AWREADY  | out |    1|    s_axi   |    control   |    scalar    |
|s_axi_control_AWADDR   |  in |    5|    s_axi   |    control   |    scalar    |
|s_axi_control_WVALID   |  in |    1|    s_axi   |    control   |    scalar    |
|s_axi_control_WREADY   | out |    1|    s_axi   |    control   |    scalar    |
|s_axi_control_WDATA    |  in |   32|    s_axi   |    control   |    scalar    |
|s_axi_control_WSTRB    |  in |    4|    s_axi   |    control   |    scalar    |
|s_axi_control_ARVALID  |  in |    1|    s_axi   |    control   |    scalar    |
|s_axi_control_ARREADY  | out |    1|    s_axi   |    control   |    scalar    |
|s_axi_control_ARADDR   |  in |    5|    s_axi   |    control   |    scalar    |
|s_axi_control_RVALID   | out |    1|    s_axi   |    control   |    scalar    |
|s_axi_control_RREADY   |  in |    1|    s_axi   |    control   |    scalar    |
|s_axi_control_RDATA    | out |   32|    s_axi   |    control   |    scalar    |
|s_axi_control_RRESP    | out |    2|    s_axi   |    control   |    scalar    |
|s_axi_control_BVALID   | out |    1|    s_axi   |    control   |    scalar    |
|s_axi_control_BREADY   |  in |    1|    s_axi   |    control   |    scalar    |
|s_axi_control_BRESP    | out |    2|    s_axi   |    control   |    scalar    |
|ap_clk                 |  in |    1| ap_ctrl_hs |    kernel    | return value |
|ap_rst_n               |  in |    1| ap_ctrl_hs |    kernel    | return value |
|interrupt              | out |    1| ap_ctrl_hs |    kernel    | return value |
|m_axi_gmem_AWVALID     | out |    1|    m_axi   |     gmem     |    pointer   |
|m_axi_gmem_AWREADY     |  in |    1|    m_axi   |     gmem     |    pointer   |
|m_axi_gmem_AWADDR      | out |   32|    m_axi   |     gmem     |    pointer   |
|m_axi_gmem_AWID        | out |    1|    m_axi   |     gmem     |    pointer   |
|m_axi_gmem_AWLEN       | out |    8|    m_axi   |     gmem     |    pointer   |
|m_axi_gmem_AWSIZE      | out |    3|    m_axi   |     gmem     |    pointer   |
|m_axi_gmem_AWBURST     | out |    2|    m_axi   |     gmem     |    pointer   |
|m_axi_gmem_AWLOCK      | out |    2|    m_axi   |     gmem     |    pointer   |
|m_axi_gmem_AWCACHE     | out |    4|    m_axi   |     gmem     |    pointer   |
|m_axi_gmem_AWPROT      | out |    3|    m_axi   |     gmem     |    pointer   |
|m_axi_gmem_AWQOS       | out |    4|    m_axi   |     gmem     |    pointer   |
|m_axi_gmem_AWREGION    | out |    4|    m_axi   |     gmem     |    pointer   |
|m_axi_gmem_AWUSER      | out |    1|    m_axi   |     gmem     |    pointer   |
|m_axi_gmem_WVALID      | out |    1|    m_axi   |     gmem     |    pointer   |
|m_axi_gmem_WREADY      |  in |    1|    m_axi   |     gmem     |    pointer   |
|m_axi_gmem_WDATA       | out |   32|    m_axi   |     gmem     |    pointer   |
|m_axi_gmem_WSTRB       | out |    4|    m_axi   |     gmem     |    pointer   |
|m_axi_gmem_WLAST       | out |    1|    m_axi   |     gmem     |    pointer   |
|m_axi_gmem_WID         | out |    1|    m_axi   |     gmem     |    pointer   |
|m_axi_gmem_WUSER       | out |    1|    m_axi   |     gmem     |    pointer   |
|m_axi_gmem_ARVALID     | out |    1|    m_axi   |     gmem     |    pointer   |
|m_axi_gmem_ARREADY     |  in |    1|    m_axi   |     gmem     |    pointer   |
|m_axi_gmem_ARADDR      | out |   32|    m_axi   |     gmem     |    pointer   |
|m_axi_gmem_ARID        | out |    1|    m_axi   |     gmem     |    pointer   |
|m_axi_gmem_ARLEN       | out |    8|    m_axi   |     gmem     |    pointer   |
|m_axi_gmem_ARSIZE      | out |    3|    m_axi   |     gmem     |    pointer   |
|m_axi_gmem_ARBURST     | out |    2|    m_axi   |     gmem     |    pointer   |
|m_axi_gmem_ARLOCK      | out |    2|    m_axi   |     gmem     |    pointer   |
|m_axi_gmem_ARCACHE     | out |    4|    m_axi   |     gmem     |    pointer   |
|m_axi_gmem_ARPROT      | out |    3|    m_axi   |     gmem     |    pointer   |
|m_axi_gmem_ARQOS       | out |    4|    m_axi   |     gmem     |    pointer   |
|m_axi_gmem_ARREGION    | out |    4|    m_axi   |     gmem     |    pointer   |
|m_axi_gmem_ARUSER      | out |    1|    m_axi   |     gmem     |    pointer   |
|m_axi_gmem_RVALID      |  in |    1|    m_axi   |     gmem     |    pointer   |
|m_axi_gmem_RREADY      | out |    1|    m_axi   |     gmem     |    pointer   |
|m_axi_gmem_RDATA       |  in |   32|    m_axi   |     gmem     |    pointer   |
|m_axi_gmem_RLAST       |  in |    1|    m_axi   |     gmem     |    pointer   |
|m_axi_gmem_RID         |  in |    1|    m_axi   |     gmem     |    pointer   |
|m_axi_gmem_RUSER       |  in |    1|    m_axi   |     gmem     |    pointer   |
|m_axi_gmem_RRESP       |  in |    2|    m_axi   |     gmem     |    pointer   |
|m_axi_gmem_BVALID      |  in |    1|    m_axi   |     gmem     |    pointer   |
|m_axi_gmem_BREADY      | out |    1|    m_axi   |     gmem     |    pointer   |
|m_axi_gmem_BRESP       |  in |    2|    m_axi   |     gmem     |    pointer   |
|m_axi_gmem_BID         |  in |    1|    m_axi   |     gmem     |    pointer   |
|m_axi_gmem_BUSER       |  in |    1|    m_axi   |     gmem     |    pointer   |
+-----------------------+-----+-----+------------+--------------+--------------+

