

================================================================
== Vivado HLS Report for 'kernel'
================================================================
* Date:           Tue Jul 28 13:44:46 2020

* Version:        2019.1 (Build 2552052 on Fri May 24 15:28:33 MDT 2019)
* Project:        benchmark.prj
* Solution:       solution1
* Product family: zynq
* Target device:  xc7z020-clg484-1


================================================================
== Performance Estimates
================================================================
+ Timing (ns): 
    * Summary: 
    +--------+-------+----------+------------+
    |  Clock | Target| Estimated| Uncertainty|
    +--------+-------+----------+------------+
    |ap_clk  |   7.00|     6.125|        0.88|
    +--------+-------+----------+------------+

+ Latency (clock cycles): 
    * Summary: 
    +-------+-------+-------+-------+---------+
    |    Latency    |    Interval   | Pipeline|
    |  min  |  max  |  min  |  max  |   Type  |
    +-------+-------+-------+-------+---------+
    |  32307|  32307|  32307|  32307|   none  |
    +-------+-------+-------+-------+---------+

    + Detail: 
        * Instance: 
        N/A

        * Loop: 
        +-----------------+-------+-------+----------+-----------+-----------+------+----------+
        |                 |    Latency    | Iteration|  Initiation Interval  | Trip |          |
        |    Loop Name    |  min  |  max  |  Latency |  achieved |   target  | Count| Pipelined|
        +-----------------+-------+-------+----------+-----------+-----------+------+----------+
        |- Loop 1         |  10768|  10768|      1346|          -|          -|     8|    no    |
        | + Loop 1.1      |   1344|   1344|       168|          -|          -|     8|    no    |
        |  ++ Loop 1.1.1  |    166|    166|        20|          -|          -|     8|    no    |
        |- Loop 2         |  10768|  10768|      1346|          -|          -|     8|    no    |
        | + Loop 2.1      |   1344|   1344|       168|          -|          -|     8|    no    |
        |  ++ Loop 2.1.1  |    166|    166|        20|          -|          -|     8|    no    |
        |- Loop 3         |  10768|  10768|      1346|          -|          -|     8|    no    |
        | + Loop 3.1      |   1344|   1344|       168|          -|          -|     8|    no    |
        |  ++ Loop 3.1.1  |    166|    166|        20|          -|          -|     8|    no    |
        +-----------------+-------+-------+----------+-----------+-----------+------+----------+



================================================================
== Utilization Estimates
================================================================
* Summary: 
+-----------------+---------+-------+--------+-------+-----+
|       Name      | BRAM_18K| DSP48E|   FF   |  LUT  | URAM|
+-----------------+---------+-------+--------+-------+-----+
|DSP              |        -|      -|       -|      -|    -|
|Expression       |        -|      -|       0|    810|    -|
|FIFO             |        -|      -|       -|      -|    -|
|Instance         |        2|      9|    1312|   1215|    -|
|Memory           |        -|      -|       -|      -|    -|
|Multiplexer      |        -|      -|       -|    547|    -|
|Register         |        -|      -|    1132|      -|    -|
+-----------------+---------+-------+--------+-------+-----+
|Total            |        2|      9|    2444|   2572|    0|
+-----------------+---------+-------+--------+-------+-----+
|Available        |      280|    220|  106400|  53200|    0|
+-----------------+---------+-------+--------+-------+-----+
|Utilization (%)  |    ~0   |      4|       2|      4|    0|
+-----------------+---------+-------+--------+-------+-----+

+ Detail: 
    * Instance: 
    +------------------------------+---------------------------+---------+-------+-----+-----+-----+
    |           Instance           |           Module          | BRAM_18K| DSP48E|  FF | LUT | URAM|
    +------------------------------+---------------------------+---------+-------+-----+-----+-----+
    |kernel_control_s_axi_U        |kernel_control_s_axi       |        0|      0|  302|  488|    0|
    |kernel_gmem_m_axi_U           |kernel_gmem_m_axi          |        2|      0|  512|  580|    0|
    |kernel_mul_32s_32s_32_3_1_U1  |kernel_mul_32s_32s_32_3_1  |        0|      3|  166|   49|    0|
    |kernel_mul_32s_32s_32_3_1_U2  |kernel_mul_32s_32s_32_3_1  |        0|      3|  166|   49|    0|
    |kernel_mul_32s_32s_32_3_1_U3  |kernel_mul_32s_32s_32_3_1  |        0|      3|  166|   49|    0|
    +------------------------------+---------------------------+---------+-------+-----+-----+-----+
    |Total                         |                           |        2|      9| 1312| 1215|    0|
    +------------------------------+---------------------------+---------+-------+-----+-----+-----+

    * DSP48E: 
    N/A

    * Memory: 
    N/A

    * FIFO: 
    N/A

    * Expression: 
    +------------------------+----------+-------+---+----+------------+------------+
    |      Variable Name     | Operation| DSP48E| FF| LUT| Bitwidth P0| Bitwidth P1|
    +------------------------+----------+-------+---+----+------------+------------+
    |add_ln215_10_fu_907_p2  |     +    |      0|  0|  15|           8|           8|
    |add_ln215_11_fu_916_p2  |     +    |      0|  0|  38|          31|          31|
    |add_ln215_1_fu_594_p2   |     +    |      0|  0|  38|          31|          31|
    |add_ln215_2_fu_611_p2   |     +    |      0|  0|  15|           8|           8|
    |add_ln215_3_fu_620_p2   |     +    |      0|  0|  38|          31|          31|
    |add_ln215_4_fu_733_p2   |     +    |      0|  0|  15|           8|           8|
    |add_ln215_5_fu_742_p2   |     +    |      0|  0|  38|          31|          31|
    |add_ln215_6_fu_759_p2   |     +    |      0|  0|  15|           8|           8|
    |add_ln215_7_fu_768_p2   |     +    |      0|  0|  38|          31|          31|
    |add_ln215_8_fu_881_p2   |     +    |      0|  0|  15|           8|           8|
    |add_ln215_9_fu_890_p2   |     +    |      0|  0|  38|          31|          31|
    |add_ln215_fu_585_p2     |     +    |      0|  0|  15|           8|           8|
    |add_ln321_1_fu_554_p2   |     +    |      0|  0|  38|          31|          31|
    |add_ln321_2_fu_693_p2   |     +    |      0|  0|  15|           8|           8|
    |add_ln321_3_fu_702_p2   |     +    |      0|  0|  38|          31|          31|
    |add_ln321_4_fu_841_p2   |     +    |      0|  0|  15|           8|           8|
    |add_ln321_5_fu_850_p2   |     +    |      0|  0|  38|          31|          31|
    |add_ln321_fu_545_p2     |     +    |      0|  0|  15|           8|           8|
    |add_ln700_1_fu_797_p2   |     +    |      0|  0|  39|          32|          32|
    |add_ln700_2_fu_945_p2   |     +    |      0|  0|  39|          32|          32|
    |add_ln700_fu_649_p2     |     +    |      0|  0|  39|          32|          32|
    |i_1_fu_659_p2           |     +    |      0|  0|  13|           4|           1|
    |i_2_fu_807_p2           |     +    |      0|  0|  13|           4|           1|
    |i_fu_511_p2             |     +    |      0|  0|  13|           4|           1|
    |j_1_fu_683_p2           |     +    |      0|  0|  13|           4|           1|
    |j_2_fu_831_p2           |     +    |      0|  0|  13|           4|           1|
    |j_fu_535_p2             |     +    |      0|  0|  13|           4|           1|
    |k_1_fu_723_p2           |     +    |      0|  0|  13|           4|           1|
    |k_2_fu_871_p2           |     +    |      0|  0|  13|           4|           1|
    |k_fu_575_p2             |     +    |      0|  0|  13|           4|           1|
    |icmp_ln20_fu_505_p2     |   icmp   |      0|  0|  11|           4|           5|
    |icmp_ln23_fu_529_p2     |   icmp   |      0|  0|  11|           4|           5|
    |icmp_ln28_fu_569_p2     |   icmp   |      0|  0|  11|           4|           5|
    |icmp_ln37_fu_653_p2     |   icmp   |      0|  0|  11|           4|           5|
    |icmp_ln40_fu_677_p2     |   icmp   |      0|  0|  11|           4|           5|
    |icmp_ln45_fu_717_p2     |   icmp   |      0|  0|  11|           4|           5|
    |icmp_ln55_fu_801_p2     |   icmp   |      0|  0|  11|           4|           5|
    |icmp_ln58_fu_825_p2     |   icmp   |      0|  0|  11|           4|           5|
    |icmp_ln63_fu_865_p2     |   icmp   |      0|  0|  11|           4|           5|
    +------------------------+----------+-------+---+----+------------+------------+
    |Total                   |          |      0|  0| 810|         519|         501|
    +------------------------+----------+-------+---+----+------------+------------+

    * Multiplexer: 
    +----------------------+-----+-----------+-----+-----------+
    |         Name         | LUT | Input Size| Bits| Total Bits|
    +----------------------+-----+-----------+-----+-----------+
    |ap_NS_fsm             |  305|         68|    1|         68|
    |gmem_ARADDR           |   47|         10|   32|        320|
    |gmem_AWADDR           |   21|          4|   32|        128|
    |gmem_WDATA            |   21|          4|   32|        128|
    |gmem_blk_n_AR         |    9|          2|    1|          2|
    |gmem_blk_n_AW         |    9|          2|    1|          2|
    |gmem_blk_n_B          |    9|          2|    1|          2|
    |gmem_blk_n_R          |    9|          2|    1|          2|
    |gmem_blk_n_W          |    9|          2|    1|          2|
    |i1_0_reg_317          |    9|          2|    4|          8|
    |i5_0_reg_362          |    9|          2|    4|          8|
    |i_0_reg_272           |    9|          2|    4|          8|
    |j2_0_reg_328          |    9|          2|    4|          8|
    |j6_0_reg_373          |    9|          2|    4|          8|
    |j_0_reg_283           |    9|          2|    4|          8|
    |k3_0_reg_351          |    9|          2|    4|          8|
    |k7_0_reg_396          |    9|          2|    4|          8|
    |k_0_reg_306           |    9|          2|    4|          8|
    |storemerge17_reg_339  |    9|          2|   32|         64|
    |storemerge18_reg_384  |    9|          2|   32|         64|
    |storemerge_reg_294    |    9|          2|   32|         64|
    +----------------------+-----+-----------+-----+-----------+
    |Total                 |  547|        120|  234|        918|
    +----------------------+-----+-----------+-----+-----------+

    * Register: 
    +---------------------------+----+----+-----+-----------+
    |            Name           | FF | LUT| Bits| Const Bits|
    +---------------------------+----+----+-----+-----------+
    |add_ln215_11_reg_1211      |  31|   0|   31|          0|
    |add_ln215_1_reg_1028       |  31|   0|   31|          0|
    |add_ln215_3_reg_1033       |  31|   0|   31|          0|
    |add_ln215_5_reg_1117       |  31|   0|   31|          0|
    |add_ln215_7_reg_1122       |  31|   0|   31|          0|
    |add_ln215_9_reg_1206       |  31|   0|   31|          0|
    |ap_CS_fsm                  |  67|   0|   67|          0|
    |gmem_addr_1_read_reg_1154  |  32|   0|   32|          0|
    |gmem_addr_1_reg_1102       |  31|   0|   32|          1|
    |gmem_addr_2_read_reg_1050  |  32|   0|   32|          0|
    |gmem_addr_3_read_reg_1055  |  32|   0|   32|          0|
    |gmem_addr_4_read_reg_1243  |  32|   0|   32|          0|
    |gmem_addr_4_reg_1191       |  31|   0|   32|          1|
    |gmem_addr_5_read_reg_1139  |  32|   0|   32|          0|
    |gmem_addr_6_read_reg_1144  |  32|   0|   32|          0|
    |gmem_addr_7_read_reg_1228  |  32|   0|   32|          0|
    |gmem_addr_8_read_reg_1233  |  32|   0|   32|          0|
    |gmem_addr_read_reg_1065    |  32|   0|   32|          0|
    |gmem_addr_reg_1013         |  31|   0|   32|          1|
    |i1_0_reg_317               |   4|   0|    4|          0|
    |i5_0_reg_362               |   4|   0|    4|          0|
    |i_0_reg_272                |   4|   0|    4|          0|
    |i_1_reg_1078               |   4|   0|    4|          0|
    |i_2_reg_1167               |   4|   0|    4|          0|
    |i_reg_989                  |   4|   0|    4|          0|
    |j2_0_reg_328               |   4|   0|    4|          0|
    |j6_0_reg_373               |   4|   0|    4|          0|
    |j_0_reg_283                |   4|   0|    4|          0|
    |j_1_reg_1092               |   4|   0|    4|          0|
    |j_2_reg_1181               |   4|   0|    4|          0|
    |j_reg_1003                 |   4|   0|    4|          0|
    |k3_0_reg_351               |   4|   0|    4|          0|
    |k7_0_reg_396               |   4|   0|    4|          0|
    |k_0_reg_306                |   4|   0|    4|          0|
    |k_1_reg_1112               |   4|   0|    4|          0|
    |k_2_reg_1201               |   4|   0|    4|          0|
    |k_reg_1023                 |   4|   0|    4|          0|
    |p_cast19_reg_975           |  30|   0|   31|          1|
    |p_cast20_reg_970           |  30|   0|   31|          1|
    |p_cast21_reg_964           |  30|   0|   31|          1|
    |p_cast22_reg_959           |  30|   0|   31|          1|
    |p_cast23_reg_954           |  30|   0|   31|          1|
    |p_cast24_reg_949           |  30|   0|   31|          1|
    |p_cast_reg_980             |  30|   0|   31|          1|
    |storemerge17_reg_339       |  32|   0|   32|          0|
    |storemerge18_reg_384       |  32|   0|   32|          0|
    |storemerge_reg_294         |  32|   0|   32|          0|
    |v_V_1_reg_1149             |  32|   0|   32|          0|
    |v_V_2_reg_1238             |  32|   0|   32|          0|
    |v_V_reg_1060               |  32|   0|   32|          0|
    |zext_ln23_reg_994          |   4|   0|    8|          4|
    |zext_ln321_3_reg_1097      |   4|   0|    8|          4|
    |zext_ln321_6_reg_1186      |   4|   0|    8|          4|
    |zext_ln321_reg_1008        |   4|   0|    8|          4|
    |zext_ln40_reg_1083         |   4|   0|    8|          4|
    |zext_ln58_reg_1172         |   4|   0|    8|          4|
    +---------------------------+----+----+-----+-----------+
    |Total                      |1132|   0| 1166|         34|
    +---------------------------+----+----+-----+-----------+



================================================================
== Interface
================================================================
* Summary: 
+-----------------------+-----+-----+------------+--------------+--------------+
|       RTL Ports       | Dir | Bits|  Protocol  | Source Object|    C Type    |
+-----------------------+-----+-----+------------+--------------+--------------+
|s_axi_control_AWVALID  |  in |    1|    s_axi   |    control   |    scalar    |
|s_axi_control_AWREADY  | out |    1|    s_axi   |    control   |    scalar    |
|s_axi_control_AWADDR   |  in |    7|    s_axi   |    control   |    scalar    |
|s_axi_control_WVALID   |  in |    1|    s_axi   |    control   |    scalar    |
|s_axi_control_WREADY   | out |    1|    s_axi   |    control   |    scalar    |
|s_axi_control_WDATA    |  in |   32|    s_axi   |    control   |    scalar    |
|s_axi_control_WSTRB    |  in |    4|    s_axi   |    control   |    scalar    |
|s_axi_control_ARVALID  |  in |    1|    s_axi   |    control   |    scalar    |
|s_axi_control_ARREADY  | out |    1|    s_axi   |    control   |    scalar    |
|s_axi_control_ARADDR   |  in |    7|    s_axi   |    control   |    scalar    |
|s_axi_control_RVALID   | out |    1|    s_axi   |    control   |    scalar    |
|s_axi_control_RREADY   |  in |    1|    s_axi   |    control   |    scalar    |
|s_axi_control_RDATA    | out |   32|    s_axi   |    control   |    scalar    |
|s_axi_control_RRESP    | out |    2|    s_axi   |    control   |    scalar    |
|s_axi_control_BVALID   | out |    1|    s_axi   |    control   |    scalar    |
|s_axi_control_BREADY   |  in |    1|    s_axi   |    control   |    scalar    |
|s_axi_control_BRESP    | out |    2|    s_axi   |    control   |    scalar    |
|ap_clk                 |  in |    1| ap_ctrl_hs |    kernel    | return value |
|ap_rst_n               |  in |    1| ap_ctrl_hs |    kernel    | return value |
|interrupt              | out |    1| ap_ctrl_hs |    kernel    | return value |
|m_axi_gmem_AWVALID     | out |    1|    m_axi   |     gmem     |    pointer   |
|m_axi_gmem_AWREADY     |  in |    1|    m_axi   |     gmem     |    pointer   |
|m_axi_gmem_AWADDR      | out |   32|    m_axi   |     gmem     |    pointer   |
|m_axi_gmem_AWID        | out |    1|    m_axi   |     gmem     |    pointer   |
|m_axi_gmem_AWLEN       | out |    8|    m_axi   |     gmem     |    pointer   |
|m_axi_gmem_AWSIZE      | out |    3|    m_axi   |     gmem     |    pointer   |
|m_axi_gmem_AWBURST     | out |    2|    m_axi   |     gmem     |    pointer   |
|m_axi_gmem_AWLOCK      | out |    2|    m_axi   |     gmem     |    pointer   |
|m_axi_gmem_AWCACHE     | out |    4|    m_axi   |     gmem     |    pointer   |
|m_axi_gmem_AWPROT      | out |    3|    m_axi   |     gmem     |    pointer   |
|m_axi_gmem_AWQOS       | out |    4|    m_axi   |     gmem     |    pointer   |
|m_axi_gmem_AWREGION    | out |    4|    m_axi   |     gmem     |    pointer   |
|m_axi_gmem_AWUSER      | out |    1|    m_axi   |     gmem     |    pointer   |
|m_axi_gmem_WVALID      | out |    1|    m_axi   |     gmem     |    pointer   |
|m_axi_gmem_WREADY      |  in |    1|    m_axi   |     gmem     |    pointer   |
|m_axi_gmem_WDATA       | out |   32|    m_axi   |     gmem     |    pointer   |
|m_axi_gmem_WSTRB       | out |    4|    m_axi   |     gmem     |    pointer   |
|m_axi_gmem_WLAST       | out |    1|    m_axi   |     gmem     |    pointer   |
|m_axi_gmem_WID         | out |    1|    m_axi   |     gmem     |    pointer   |
|m_axi_gmem_WUSER       | out |    1|    m_axi   |     gmem     |    pointer   |
|m_axi_gmem_ARVALID     | out |    1|    m_axi   |     gmem     |    pointer   |
|m_axi_gmem_ARREADY     |  in |    1|    m_axi   |     gmem     |    pointer   |
|m_axi_gmem_ARADDR      | out |   32|    m_axi   |     gmem     |    pointer   |
|m_axi_gmem_ARID        | out |    1|    m_axi   |     gmem     |    pointer   |
|m_axi_gmem_ARLEN       | out |    8|    m_axi   |     gmem     |    pointer   |
|m_axi_gmem_ARSIZE      | out |    3|    m_axi   |     gmem     |    pointer   |
|m_axi_gmem_ARBURST     | out |    2|    m_axi   |     gmem     |    pointer   |
|m_axi_gmem_ARLOCK      | out |    2|    m_axi   |     gmem     |    pointer   |
|m_axi_gmem_ARCACHE     | out |    4|    m_axi   |     gmem     |    pointer   |
|m_axi_gmem_ARPROT      | out |    3|    m_axi   |     gmem     |    pointer   |
|m_axi_gmem_ARQOS       | out |    4|    m_axi   |     gmem     |    pointer   |
|m_axi_gmem_ARREGION    | out |    4|    m_axi   |     gmem     |    pointer   |
|m_axi_gmem_ARUSER      | out |    1|    m_axi   |     gmem     |    pointer   |
|m_axi_gmem_RVALID      |  in |    1|    m_axi   |     gmem     |    pointer   |
|m_axi_gmem_RREADY      | out |    1|    m_axi   |     gmem     |    pointer   |
|m_axi_gmem_RDATA       |  in |   32|    m_axi   |     gmem     |    pointer   |
|m_axi_gmem_RLAST       |  in |    1|    m_axi   |     gmem     |    pointer   |
|m_axi_gmem_RID         |  in |    1|    m_axi   |     gmem     |    pointer   |
|m_axi_gmem_RUSER       |  in |    1|    m_axi   |     gmem     |    pointer   |
|m_axi_gmem_RRESP       |  in |    2|    m_axi   |     gmem     |    pointer   |
|m_axi_gmem_BVALID      |  in |    1|    m_axi   |     gmem     |    pointer   |
|m_axi_gmem_BREADY      | out |    1|    m_axi   |     gmem     |    pointer   |
|m_axi_gmem_BRESP       |  in |    2|    m_axi   |     gmem     |    pointer   |
|m_axi_gmem_BID         |  in |    1|    m_axi   |     gmem     |    pointer   |
|m_axi_gmem_BUSER       |  in |    1|    m_axi   |     gmem     |    pointer   |
+-----------------------+-----+-----+------------+--------------+--------------+

