

================================================================
== Vivado HLS Report for 'kernel'
================================================================
* Date:           Tue Jul 28 14:32:07 2020

* Version:        2019.1 (Build 2552052 on Fri May 24 15:28:33 MDT 2019)
* Project:        benchmark.prj
* Solution:       solution1
* Product family: zynq
* Target device:  xc7z020-clg484-1


================================================================
== Performance Estimates
================================================================
+ Timing (ns): 
    * Summary: 
    +--------+-------+----------+------------+
    |  Clock | Target| Estimated| Uncertainty|
    +--------+-------+----------+------------+
    |ap_clk  |   7.00|     6.125|        0.88|
    +--------+-------+----------+------------+

+ Latency (clock cycles): 
    * Summary: 
    +-----+-----+-----+-----+---------+
    |  Latency  |  Interval | Pipeline|
    | min | max | min | max |   Type  |
    +-----+-----+-----+-----+---------+
    |    ?|    ?|    ?|    ?|   none  |
    +-----+-----+-----+-----+---------+

    + Detail: 
        * Instance: 
        N/A

        * Loop: 
        +-----------------+-----+-----+----------+-----------+-----------+------+----------+
        |                 |  Latency  | Iteration|  Initiation Interval  | Trip |          |
        |    Loop Name    | min | max |  Latency |  achieved |   target  | Count| Pipelined|
        +-----------------+-----+-----+----------+-----------+-----------+------+----------+
        |- Loop 1         |    ?|    ?|         ?|          -|          -|     8|    no    |
        | + Loop 1.1      |    ?|    ?|         ?|          -|          -|    12|    no    |
        |  ++ Loop 1.1.1  |    ?|    ?|        21|          -|          -|     ?|    no    |
        +-----------------+-----+-----+----------+-----------+-----------+------+----------+



================================================================
== Utilization Estimates
================================================================
* Summary: 
+-----------------+---------+-------+--------+-------+-----+
|       Name      | BRAM_18K| DSP48E|   FF   |  LUT  | URAM|
+-----------------+---------+-------+--------+-------+-----+
|DSP              |        -|      -|       -|      -|    -|
|Expression       |        -|      -|       0|    289|    -|
|FIFO             |        -|      -|       -|      -|    -|
|Instance         |        2|      6|     994|    910|    -|
|Memory           |        -|      -|       -|      -|    -|
|Multiplexer      |        -|      -|       -|    299|    -|
|Register         |        -|      -|     500|      -|    -|
+-----------------+---------+-------+--------+-------+-----+
|Total            |        2|      6|    1494|   1498|    0|
+-----------------+---------+-------+--------+-------+-----+
|Available        |      280|    220|  106400|  53200|    0|
+-----------------+---------+-------+--------+-------+-----+
|Utilization (%)  |    ~0   |      2|       1|      2|    0|
+-----------------+---------+-------+--------+-------+-----+

+ Detail: 
    * Instance: 
    +------------------------------+---------------------------+---------+-------+-----+-----+-----+
    |           Instance           |           Module          | BRAM_18K| DSP48E|  FF | LUT | URAM|
    +------------------------------+---------------------------+---------+-------+-----+-----+-----+
    |kernel_control_s_axi_U        |kernel_control_s_axi       |        0|      0|  150|  232|    0|
    |kernel_gmem_m_axi_U           |kernel_gmem_m_axi          |        2|      0|  512|  580|    0|
    |kernel_mul_32s_32s_32_3_1_U1  |kernel_mul_32s_32s_32_3_1  |        0|      3|  166|   49|    0|
    |kernel_mul_32s_32s_32_3_1_U2  |kernel_mul_32s_32s_32_3_1  |        0|      3|  166|   49|    0|
    +------------------------------+---------------------------+---------+-------+-----+-----+-----+
    |Total                         |                           |        2|      6|  994|  910|    0|
    +------------------------------+---------------------------+---------+-------+-----+-----+-----+

    * DSP48E: 
    N/A

    * Memory: 
    N/A

    * FIFO: 
    N/A

    * Expression: 
    +-----------------------+----------+-------+---+----+------------+------------+
    |     Variable Name     | Operation| DSP48E| FF| LUT| Bitwidth P0| Bitwidth P1|
    +-----------------------+----------+-------+---+----+------------+------------+
    |add_ln209_fu_458_p2    |     +    |      0|  0|  39|          32|          32|
    |add_ln215_1_fu_382_p2  |     +    |      0|  0|  38|          31|          31|
    |add_ln215_fu_373_p2    |     +    |      0|  0|  15|           8|           8|
    |add_ln21_1_fu_332_p2   |     +    |      0|  0|  39|          32|          32|
    |add_ln21_fu_323_p2     |     +    |      0|  0|  14|          10|          10|
    |add_ln23_1_fu_429_p2   |     +    |      0|  0|  39|          32|          32|
    |add_ln23_fu_421_p2     |     +    |      0|  0|  14|          10|          10|
    |i_fu_263_p2            |     +    |      0|  0|  13|           4|           1|
    |j_fu_313_p2            |     +    |      0|  0|  13|           4|           1|
    |k_V_fu_347_p2          |     +    |      0|  0|  13|           4|           1|
    |sub_ln21_fu_297_p2     |     -    |      0|  0|  15|           9|           9|
    |sub_ln23_fu_411_p2     |     -    |      0|  0|  15|           9|           9|
    |ap_block_state4_io     |    and   |      0|  0|   2|           1|           1|
    |icmp_ln12_fu_257_p2    |   icmp   |      0|  0|  11|           4|           5|
    |icmp_ln15_fu_307_p2    |   icmp   |      0|  0|   9|           4|           4|
    +-----------------------+----------+-------+---+----+------------+------------+
    |Total                  |          |      0|  0| 289|         194|         186|
    +-----------------------+----------+-------+---+----+------------+------------+

    * Multiplexer: 
    +---------------------+-----+-----------+-----+-----------+
    |         Name        | LUT | Input Size| Bits| Total Bits|
    +---------------------+-----+-----------+-----+-----------+
    |ap_NS_fsm            |  185|         42|    1|         42|
    |gmem_ARADDR          |   27|          5|   32|        160|
    |gmem_WDATA           |   15|          3|   32|         96|
    |gmem_blk_n_AR        |    9|          2|    1|          2|
    |gmem_blk_n_AW        |    9|          2|    1|          2|
    |gmem_blk_n_B         |    9|          2|    1|          2|
    |gmem_blk_n_R         |    9|          2|    1|          2|
    |gmem_blk_n_W         |    9|          2|    1|          2|
    |i_op_assign_reg_172  |    9|          2|    4|          8|
    |j_0_reg_184          |    9|          2|    4|          8|
    |p_0148_0_in_reg_195  |    9|          2|    4|          8|
    +---------------------+-----+-----------+-----+-----------+
    |Total                |  299|         66|   82|        332|
    +---------------------+-----+-----------+-----+-----------+

    * Register: 
    +--------------------------+----+----+-----+-----------+
    |           Name           | FF | LUT| Bits| Const Bits|
    +--------------------------+----+----+-----+-----------+
    |B_k_j_V_reg_559           |  32|   0|   32|          0|
    |add_ln209_reg_574         |  32|   0|   32|          0|
    |add_ln215_1_reg_532       |  31|   0|   31|          0|
    |add_ln23_1_reg_542        |  32|   0|   32|          0|
    |add_ln23_reg_537          |  10|   0|   10|          0|
    |ap_CS_fsm                 |  41|   0|   41|          0|
    |gmem_addr_1_reg_516       |  32|   0|   32|          0|
    |gmem_addr_2_read_reg_564  |  32|   0|   32|          0|
    |gmem_addr_read_reg_579    |  32|   0|   32|          0|
    |gmem_addr_reg_479         |  30|   0|   32|          2|
    |i_op_assign_reg_172       |   4|   0|    4|          0|
    |i_reg_488                 |   4|   0|    4|          0|
    |j_0_reg_184               |   4|   0|    4|          0|
    |j_reg_506                 |   4|   0|    4|          0|
    |k_V_reg_524               |   4|   0|    4|          0|
    |mul_ln209_1_reg_584       |  32|   0|   32|          0|
    |mul_ln209_reg_569         |  32|   0|   32|          0|
    |p_0148_0_in_reg_195       |   4|   0|    4|          0|
    |p_cast11_reg_468          |  30|   0|   32|          2|
    |p_cast_reg_474            |  30|   0|   31|          1|
    |reg_205                   |  32|   0|   32|          0|
    |sext_ln21_reg_498         |   8|   0|   10|          2|
    |zext_ln21_3_reg_511       |   4|   0|   10|          6|
    |zext_ln21_reg_493         |   4|   0|    8|          4|
    +--------------------------+----+----+-----+-----------+
    |Total                     | 500|   0|  517|         17|
    +--------------------------+----+----+-----+-----------+



================================================================
== Interface
================================================================
* Summary: 
+-----------------------+-----+-----+------------+--------------+--------------+
|       RTL Ports       | Dir | Bits|  Protocol  | Source Object|    C Type    |
+-----------------------+-----+-----+------------+--------------+--------------+
|s_axi_control_AWVALID  |  in |    1|    s_axi   |    control   |    scalar    |
|s_axi_control_AWREADY  | out |    1|    s_axi   |    control   |    scalar    |
|s_axi_control_AWADDR   |  in |    6|    s_axi   |    control   |    scalar    |
|s_axi_control_WVALID   |  in |    1|    s_axi   |    control   |    scalar    |
|s_axi_control_WREADY   | out |    1|    s_axi   |    control   |    scalar    |
|s_axi_control_WDATA    |  in |   32|    s_axi   |    control   |    scalar    |
|s_axi_control_WSTRB    |  in |    4|    s_axi   |    control   |    scalar    |
|s_axi_control_ARVALID  |  in |    1|    s_axi   |    control   |    scalar    |
|s_axi_control_ARREADY  | out |    1|    s_axi   |    control   |    scalar    |
|s_axi_control_ARADDR   |  in |    6|    s_axi   |    control   |    scalar    |
|s_axi_control_RVALID   | out |    1|    s_axi   |    control   |    scalar    |
|s_axi_control_RREADY   |  in |    1|    s_axi   |    control   |    scalar    |
|s_axi_control_RDATA    | out |   32|    s_axi   |    control   |    scalar    |
|s_axi_control_RRESP    | out |    2|    s_axi   |    control   |    scalar    |
|s_axi_control_BVALID   | out |    1|    s_axi   |    control   |    scalar    |
|s_axi_control_BREADY   |  in |    1|    s_axi   |    control   |    scalar    |
|s_axi_control_BRESP    | out |    2|    s_axi   |    control   |    scalar    |
|ap_clk                 |  in |    1| ap_ctrl_hs |    kernel    | return value |
|ap_rst_n               |  in |    1| ap_ctrl_hs |    kernel    | return value |
|interrupt              | out |    1| ap_ctrl_hs |    kernel    | return value |
|m_axi_gmem_AWVALID     | out |    1|    m_axi   |     gmem     |    pointer   |
|m_axi_gmem_AWREADY     |  in |    1|    m_axi   |     gmem     |    pointer   |
|m_axi_gmem_AWADDR      | out |   32|    m_axi   |     gmem     |    pointer   |
|m_axi_gmem_AWID        | out |    1|    m_axi   |     gmem     |    pointer   |
|m_axi_gmem_AWLEN       | out |    8|    m_axi   |     gmem     |    pointer   |
|m_axi_gmem_AWSIZE      | out |    3|    m_axi   |     gmem     |    pointer   |
|m_axi_gmem_AWBURST     | out |    2|    m_axi   |     gmem     |    pointer   |
|m_axi_gmem_AWLOCK      | out |    2|    m_axi   |     gmem     |    pointer   |
|m_axi_gmem_AWCACHE     | out |    4|    m_axi   |     gmem     |    pointer   |
|m_axi_gmem_AWPROT      | out |    3|    m_axi   |     gmem     |    pointer   |
|m_axi_gmem_AWQOS       | out |    4|    m_axi   |     gmem     |    pointer   |
|m_axi_gmem_AWREGION    | out |    4|    m_axi   |     gmem     |    pointer   |
|m_axi_gmem_AWUSER      | out |    1|    m_axi   |     gmem     |    pointer   |
|m_axi_gmem_WVALID      | out |    1|    m_axi   |     gmem     |    pointer   |
|m_axi_gmem_WREADY      |  in |    1|    m_axi   |     gmem     |    pointer   |
|m_axi_gmem_WDATA       | out |   32|    m_axi   |     gmem     |    pointer   |
|m_axi_gmem_WSTRB       | out |    4|    m_axi   |     gmem     |    pointer   |
|m_axi_gmem_WLAST       | out |    1|    m_axi   |     gmem     |    pointer   |
|m_axi_gmem_WID         | out |    1|    m_axi   |     gmem     |    pointer   |
|m_axi_gmem_WUSER       | out |    1|    m_axi   |     gmem     |    pointer   |
|m_axi_gmem_ARVALID     | out |    1|    m_axi   |     gmem     |    pointer   |
|m_axi_gmem_ARREADY     |  in |    1|    m_axi   |     gmem     |    pointer   |
|m_axi_gmem_ARADDR      | out |   32|    m_axi   |     gmem     |    pointer   |
|m_axi_gmem_ARID        | out |    1|    m_axi   |     gmem     |    pointer   |
|m_axi_gmem_ARLEN       | out |    8|    m_axi   |     gmem     |    pointer   |
|m_axi_gmem_ARSIZE      | out |    3|    m_axi   |     gmem     |    pointer   |
|m_axi_gmem_ARBURST     | out |    2|    m_axi   |     gmem     |    pointer   |
|m_axi_gmem_ARLOCK      | out |    2|    m_axi   |     gmem     |    pointer   |
|m_axi_gmem_ARCACHE     | out |    4|    m_axi   |     gmem     |    pointer   |
|m_axi_gmem_ARPROT      | out |    3|    m_axi   |     gmem     |    pointer   |
|m_axi_gmem_ARQOS       | out |    4|    m_axi   |     gmem     |    pointer   |
|m_axi_gmem_ARREGION    | out |    4|    m_axi   |     gmem     |    pointer   |
|m_axi_gmem_ARUSER      | out |    1|    m_axi   |     gmem     |    pointer   |
|m_axi_gmem_RVALID      |  in |    1|    m_axi   |     gmem     |    pointer   |
|m_axi_gmem_RREADY      | out |    1|    m_axi   |     gmem     |    pointer   |
|m_axi_gmem_RDATA       |  in |   32|    m_axi   |     gmem     |    pointer   |
|m_axi_gmem_RLAST       |  in |    1|    m_axi   |     gmem     |    pointer   |
|m_axi_gmem_RID         |  in |    1|    m_axi   |     gmem     |    pointer   |
|m_axi_gmem_RUSER       |  in |    1|    m_axi   |     gmem     |    pointer   |
|m_axi_gmem_RRESP       |  in |    2|    m_axi   |     gmem     |    pointer   |
|m_axi_gmem_BVALID      |  in |    1|    m_axi   |     gmem     |    pointer   |
|m_axi_gmem_BREADY      | out |    1|    m_axi   |     gmem     |    pointer   |
|m_axi_gmem_BRESP       |  in |    2|    m_axi   |     gmem     |    pointer   |
|m_axi_gmem_BID         |  in |    1|    m_axi   |     gmem     |    pointer   |
|m_axi_gmem_BUSER       |  in |    1|    m_axi   |     gmem     |    pointer   |
+-----------------------+-----+-----+------------+--------------+--------------+

