

================================================================
== Vivado HLS Report for 'kernel'
================================================================
* Date:           Tue Jul 28 14:23:49 2020

* Version:        2019.1 (Build 2552052 on Fri May 24 15:28:33 MDT 2019)
* Project:        benchmark.prj
* Solution:       solution1
* Product family: zynq
* Target device:  xc7z020-clg484-1


================================================================
== Performance Estimates
================================================================
+ Timing (ns): 
    * Summary: 
    +--------+-------+----------+------------+
    |  Clock | Target| Estimated| Uncertainty|
    +--------+-------+----------+------------+
    |ap_clk  |   7.00|     6.125|        0.88|
    +--------+-------+----------+------------+

+ Latency (clock cycles): 
    * Summary: 
    +-------+-------+-------+-------+---------+
    |    Latency    |    Interval   | Pipeline|
    |  min  |  max  |  min  |  max  |   Type  |
    +-------+-------+-------+-------+---------+
    |  12865|  12865|  12865|  12865|   none  |
    +-------+-------+-------+-------+---------+

    + Detail: 
        * Instance: 
        N/A

        * Loop: 
        +-----------------+-------+-------+----------+-----------+-----------+------+----------+
        |                 |    Latency    | Iteration|  Initiation Interval  | Trip |          |
        |    Loop Name    |  min  |  max  |  Latency |  achieved |   target  | Count| Pipelined|
        +-----------------+-------+-------+----------+-----------+-----------+------+----------+
        |- Loop 1         |  12864|  12864|      1608|          -|          -|     8|    no    |
        | + Loop 1.1      |    112|    112|        14|          -|          -|     8|    no    |
        | + Loop 1.2      |   1488|   1488|       186|          -|          -|     8|    no    |
        |  ++ Loop 1.2.1  |    184|    184|        23|          -|          -|     8|    no    |
        +-----------------+-------+-------+----------+-----------+-----------+------+----------+



================================================================
== Utilization Estimates
================================================================
* Summary: 
+-----------------+---------+-------+--------+-------+-----+
|       Name      | BRAM_18K| DSP48E|   FF   |  LUT  | URAM|
+-----------------+---------+-------+--------+-------+-----+
|DSP              |        -|      -|       -|      -|    -|
|Expression       |        -|      -|       0|    387|    -|
|FIFO             |        -|      -|       -|      -|    -|
|Instance         |        2|      9|    1236|   1087|    -|
|Memory           |        -|      -|       -|      -|    -|
|Multiplexer      |        -|      -|       -|    365|    -|
|Register         |        -|      -|     714|      -|    -|
+-----------------+---------+-------+--------+-------+-----+
|Total            |        2|      9|    1950|   1839|    0|
+-----------------+---------+-------+--------+-------+-----+
|Available        |      280|    220|  106400|  53200|    0|
+-----------------+---------+-------+--------+-------+-----+
|Utilization (%)  |    ~0   |      4|       1|      3|    0|
+-----------------+---------+-------+--------+-------+-----+

+ Detail: 
    * Instance: 
    +------------------------------+---------------------------+---------+-------+-----+-----+-----+
    |           Instance           |           Module          | BRAM_18K| DSP48E|  FF | LUT | URAM|
    +------------------------------+---------------------------+---------+-------+-----+-----+-----+
    |kernel_control_s_axi_U        |kernel_control_s_axi       |        0|      0|  226|  360|    0|
    |kernel_gmem_m_axi_U           |kernel_gmem_m_axi          |        2|      0|  512|  580|    0|
    |kernel_mul_32s_32s_32_3_1_U1  |kernel_mul_32s_32s_32_3_1  |        0|      3|  166|   49|    0|
    |kernel_mul_32s_32s_32_3_1_U2  |kernel_mul_32s_32s_32_3_1  |        0|      3|  166|   49|    0|
    |kernel_mul_32s_32s_32_3_1_U3  |kernel_mul_32s_32s_32_3_1  |        0|      3|  166|   49|    0|
    +------------------------------+---------------------------+---------+-------+-----+-----+-----+
    |Total                         |                           |        2|      9| 1236| 1087|    0|
    +------------------------------+---------------------------+---------+-------+-----+-----+-----+

    * DSP48E: 
    N/A

    * Memory: 
    N/A

    * FIFO: 
    N/A

    * Expression: 
    +-----------------------+----------+-------+---+----+------------+------------+
    |     Variable Name     | Operation| DSP48E| FF| LUT| Bitwidth P0| Bitwidth P1|
    +-----------------------+----------+-------+---+----+------------+------------+
    |add_ln215_1_fu_487_p2  |     +    |      0|  0|  38|          31|          31|
    |add_ln215_2_fu_504_p2  |     +    |      0|  0|  15|           8|           8|
    |add_ln215_3_fu_513_p2  |     +    |      0|  0|  38|          31|          31|
    |add_ln215_fu_478_p2    |     +    |      0|  0|  15|           8|           8|
    |add_ln22_1_fu_403_p2   |     +    |      0|  0|  38|          31|          31|
    |add_ln22_2_fu_360_p2   |     +    |      0|  0|  38|          31|          31|
    |add_ln22_fu_394_p2     |     +    |      0|  0|  15|           8|           8|
    |add_ln700_1_fu_438_p2  |     +    |      0|  0|  15|           8|           8|
    |add_ln700_2_fu_447_p2  |     +    |      0|  0|  38|          31|          31|
    |add_ln700_fu_546_p2    |     +    |      0|  0|  39|          32|          32|
    |i_fu_342_p2            |     +    |      0|  0|  13|           4|           1|
    |j_1_fu_428_p2          |     +    |      0|  0|  13|           4|           1|
    |j_fu_384_p2            |     +    |      0|  0|  13|           4|           1|
    |k_fu_468_p2            |     +    |      0|  0|  13|           4|           1|
    |ap_block_state23_io    |    and   |      0|  0|   2|           1|           1|
    |icmp_ln16_fu_336_p2    |   icmp   |      0|  0|  11|           4|           5|
    |icmp_ln19_fu_378_p2    |   icmp   |      0|  0|  11|           4|           5|
    |icmp_ln27_fu_422_p2    |   icmp   |      0|  0|  11|           4|           5|
    |icmp_ln30_fu_462_p2    |   icmp   |      0|  0|  11|           4|           5|
    +-----------------------+----------+-------+---+----+------------+------------+
    |Total                  |          |      0|  0| 387|         252|         244|
    +-----------------------+----------+-------+---+----+------------+------------+

    * Multiplexer: 
    +---------------+-----+-----------+-----+-----------+
    |      Name     | LUT | Input Size| Bits| Total Bits|
    +---------------+-----+-----------+-----+-----------+
    |ap_NS_fsm      |  201|         46|    1|         46|
    |gmem_ARADDR    |   38|          7|   32|        224|
    |gmem_AWADDR    |   15|          3|   32|         96|
    |gmem_AWLEN     |   15|          3|   32|         96|
    |gmem_WDATA     |   15|          3|   32|         96|
    |gmem_blk_n_AR  |    9|          2|    1|          2|
    |gmem_blk_n_AW  |    9|          2|    1|          2|
    |gmem_blk_n_B   |    9|          2|    1|          2|
    |gmem_blk_n_R   |    9|          2|    1|          2|
    |gmem_blk_n_W   |    9|          2|    1|          2|
    |i_0_reg_210    |    9|          2|    4|          8|
    |j1_0_reg_232   |    9|          2|    4|          8|
    |j_0_reg_221    |    9|          2|    4|          8|
    |k_0_reg_243    |    9|          2|    4|          8|
    +---------------+-----+-----------+-----+-----------+
    |Total          |  365|         80|  150|        600|
    +---------------+-----+-----------+-----+-----------+

    * Register: 
    +--------------------------+----+----+-----+-----------+
    |           Name           | FF | LUT| Bits| Const Bits|
    +--------------------------+----+----+-----+-----------+
    |C_i_j_V_reg_629           |  32|   0|   32|          0|
    |add_ln215_1_reg_672       |  31|   0|   31|          0|
    |add_ln215_3_reg_677       |  31|   0|   31|          0|
    |add_ln22_1_reg_618        |  31|   0|   31|          0|
    |add_ln22_2_reg_592        |  31|   0|   31|          0|
    |add_ln700_reg_724         |  32|   0|   32|          0|
    |ap_CS_fsm                 |  45|   0|   45|          0|
    |gmem_addr_1_read_reg_694  |  32|   0|   32|          0|
    |gmem_addr_1_reg_573       |  30|   0|   32|          2|
    |gmem_addr_3_read_reg_719  |  32|   0|   32|          0|
    |gmem_addr_3_reg_657       |  31|   0|   32|          1|
    |gmem_addr_4_read_reg_699  |  32|   0|   32|          0|
    |gmem_addr_5_read_reg_704  |  32|   0|   32|          0|
    |gmem_addr_read_reg_634    |  32|   0|   32|          0|
    |gmem_addr_reg_567         |  30|   0|   32|          2|
    |i_0_reg_210               |   4|   0|    4|          0|
    |i_reg_582                 |   4|   0|    4|          0|
    |j1_0_reg_232              |   4|   0|    4|          0|
    |j_0_reg_221               |   4|   0|    4|          0|
    |j_1_reg_647               |   4|   0|    4|          0|
    |j_reg_613                 |   4|   0|    4|          0|
    |k_0_reg_243               |   4|   0|    4|          0|
    |k_reg_667                 |   4|   0|    4|          0|
    |mul_ln209_1_reg_709       |  32|   0|   32|          0|
    |mul_ln209_reg_639         |  32|   0|   32|          0|
    |p_cast12_reg_555          |  30|   0|   31|          1|
    |p_cast13_reg_550          |  30|   0|   31|          1|
    |p_cast_reg_560            |  30|   0|   31|          1|
    |tmp_2_reg_587             |   4|   0|    7|          3|
    |v_V_reg_714               |  32|   0|   32|          0|
    |zext_ln19_reg_597         |   4|   0|    8|          4|
    |zext_ln700_reg_652        |   4|   0|    8|          4|
    +--------------------------+----+----+-----+-----------+
    |Total                     | 714|   0|  733|         19|
    +--------------------------+----+----+-----+-----------+



================================================================
== Interface
================================================================
* Summary: 
+-----------------------+-----+-----+------------+--------------+--------------+
|       RTL Ports       | Dir | Bits|  Protocol  | Source Object|    C Type    |
+-----------------------+-----+-----+------------+--------------+--------------+
|s_axi_control_AWVALID  |  in |    1|    s_axi   |    control   |    scalar    |
|s_axi_control_AWREADY  | out |    1|    s_axi   |    control   |    scalar    |
|s_axi_control_AWADDR   |  in |    6|    s_axi   |    control   |    scalar    |
|s_axi_control_WVALID   |  in |    1|    s_axi   |    control   |    scalar    |
|s_axi_control_WREADY   | out |    1|    s_axi   |    control   |    scalar    |
|s_axi_control_WDATA    |  in |   32|    s_axi   |    control   |    scalar    |
|s_axi_control_WSTRB    |  in |    4|    s_axi   |    control   |    scalar    |
|s_axi_control_ARVALID  |  in |    1|    s_axi   |    control   |    scalar    |
|s_axi_control_ARREADY  | out |    1|    s_axi   |    control   |    scalar    |
|s_axi_control_ARADDR   |  in |    6|    s_axi   |    control   |    scalar    |
|s_axi_control_RVALID   | out |    1|    s_axi   |    control   |    scalar    |
|s_axi_control_RREADY   |  in |    1|    s_axi   |    control   |    scalar    |
|s_axi_control_RDATA    | out |   32|    s_axi   |    control   |    scalar    |
|s_axi_control_RRESP    | out |    2|    s_axi   |    control   |    scalar    |
|s_axi_control_BVALID   | out |    1|    s_axi   |    control   |    scalar    |
|s_axi_control_BREADY   |  in |    1|    s_axi   |    control   |    scalar    |
|s_axi_control_BRESP    | out |    2|    s_axi   |    control   |    scalar    |
|ap_clk                 |  in |    1| ap_ctrl_hs |    kernel    | return value |
|ap_rst_n               |  in |    1| ap_ctrl_hs |    kernel    | return value |
|interrupt              | out |    1| ap_ctrl_hs |    kernel    | return value |
|m_axi_gmem_AWVALID     | out |    1|    m_axi   |     gmem     |    pointer   |
|m_axi_gmem_AWREADY     |  in |    1|    m_axi   |     gmem     |    pointer   |
|m_axi_gmem_AWADDR      | out |   32|    m_axi   |     gmem     |    pointer   |
|m_axi_gmem_AWID        | out |    1|    m_axi   |     gmem     |    pointer   |
|m_axi_gmem_AWLEN       | out |    8|    m_axi   |     gmem     |    pointer   |
|m_axi_gmem_AWSIZE      | out |    3|    m_axi   |     gmem     |    pointer   |
|m_axi_gmem_AWBURST     | out |    2|    m_axi   |     gmem     |    pointer   |
|m_axi_gmem_AWLOCK      | out |    2|    m_axi   |     gmem     |    pointer   |
|m_axi_gmem_AWCACHE     | out |    4|    m_axi   |     gmem     |    pointer   |
|m_axi_gmem_AWPROT      | out |    3|    m_axi   |     gmem     |    pointer   |
|m_axi_gmem_AWQOS       | out |    4|    m_axi   |     gmem     |    pointer   |
|m_axi_gmem_AWREGION    | out |    4|    m_axi   |     gmem     |    pointer   |
|m_axi_gmem_AWUSER      | out |    1|    m_axi   |     gmem     |    pointer   |
|m_axi_gmem_WVALID      | out |    1|    m_axi   |     gmem     |    pointer   |
|m_axi_gmem_WREADY      |  in |    1|    m_axi   |     gmem     |    pointer   |
|m_axi_gmem_WDATA       | out |   32|    m_axi   |     gmem     |    pointer   |
|m_axi_gmem_WSTRB       | out |    4|    m_axi   |     gmem     |    pointer   |
|m_axi_gmem_WLAST       | out |    1|    m_axi   |     gmem     |    pointer   |
|m_axi_gmem_WID         | out |    1|    m_axi   |     gmem     |    pointer   |
|m_axi_gmem_WUSER       | out |    1|    m_axi   |     gmem     |    pointer   |
|m_axi_gmem_ARVALID     | out |    1|    m_axi   |     gmem     |    pointer   |
|m_axi_gmem_ARREADY     |  in |    1|    m_axi   |     gmem     |    pointer   |
|m_axi_gmem_ARADDR      | out |   32|    m_axi   |     gmem     |    pointer   |
|m_axi_gmem_ARID        | out |    1|    m_axi   |     gmem     |    pointer   |
|m_axi_gmem_ARLEN       | out |    8|    m_axi   |     gmem     |    pointer   |
|m_axi_gmem_ARSIZE      | out |    3|    m_axi   |     gmem     |    pointer   |
|m_axi_gmem_ARBURST     | out |    2|    m_axi   |     gmem     |    pointer   |
|m_axi_gmem_ARLOCK      | out |    2|    m_axi   |     gmem     |    pointer   |
|m_axi_gmem_ARCACHE     | out |    4|    m_axi   |     gmem     |    pointer   |
|m_axi_gmem_ARPROT      | out |    3|    m_axi   |     gmem     |    pointer   |
|m_axi_gmem_ARQOS       | out |    4|    m_axi   |     gmem     |    pointer   |
|m_axi_gmem_ARREGION    | out |    4|    m_axi   |     gmem     |    pointer   |
|m_axi_gmem_ARUSER      | out |    1|    m_axi   |     gmem     |    pointer   |
|m_axi_gmem_RVALID      |  in |    1|    m_axi   |     gmem     |    pointer   |
|m_axi_gmem_RREADY      | out |    1|    m_axi   |     gmem     |    pointer   |
|m_axi_gmem_RDATA       |  in |   32|    m_axi   |     gmem     |    pointer   |
|m_axi_gmem_RLAST       |  in |    1|    m_axi   |     gmem     |    pointer   |
|m_axi_gmem_RID         |  in |    1|    m_axi   |     gmem     |    pointer   |
|m_axi_gmem_RUSER       |  in |    1|    m_axi   |     gmem     |    pointer   |
|m_axi_gmem_RRESP       |  in |    2|    m_axi   |     gmem     |    pointer   |
|m_axi_gmem_BVALID      |  in |    1|    m_axi   |     gmem     |    pointer   |
|m_axi_gmem_BREADY      | out |    1|    m_axi   |     gmem     |    pointer   |
|m_axi_gmem_BRESP       |  in |    2|    m_axi   |     gmem     |    pointer   |
|m_axi_gmem_BID         |  in |    1|    m_axi   |     gmem     |    pointer   |
|m_axi_gmem_BUSER       |  in |    1|    m_axi   |     gmem     |    pointer   |
+-----------------------+-----+-----+------------+--------------+--------------+

